cl : command line  warning D9035: option 'Gm' has been deprecated and will be removed in a future release
cl : command line  warning D9002: ignoring unknown option '/wc4574'
  Run-time-stats-utils.c
C:\Program Files (x86)\Windows Kits\10\Include\10.0.19041.0\um\winbase.h(9531,5): warning C5105: macro expansion producing 'defined' has undefined behavior
  main_full.c
C:\Program Files (x86)\Windows Kits\10\Include\10.0.19041.0\um\winbase.h(9531,5): warning C5105: macro expansion producing 'defined' has undefined behavior
P:\FreeRTOS\FreeRTOSv10.2.1\FreeRTOS\Demo\WIN32-MSVC\main_full.c(432,3): warning C4068: unknown pragma 'coverity'
P:\FreeRTOS\FreeRTOSv10.2.1\FreeRTOS\Demo\WIN32-MSVC\main_full.c(434,3): warning C4068: unknown pragma 'coverity'
P:\FreeRTOS\FreeRTOSv10.2.1\FreeRTOS\Demo\WIN32-MSVC\main_full.c(436,3): warning C4068: unknown pragma 'coverity'
P:\FreeRTOS\FreeRTOSv10.2.1\FreeRTOS\Demo\WIN32-MSVC\main_full.c(490,2): warning C4068: unknown pragma 'coverity'
P:\FreeRTOS\FreeRTOSv10.2.1\FreeRTOS\Demo\WIN32-MSVC\main_full.c(502,2): warning C4068: unknown pragma 'coverity'
P:\FreeRTOS\FreeRTOSv10.2.1\FreeRTOS\Demo\WIN32-MSVC\main_full.c(503,2): warning C4068: unknown pragma 'coverity'
P:\FreeRTOS\FreeRTOSv10.2.1\FreeRTOS\Demo\WIN32-MSVC\main_full.c(541,3): warning C4068: unknown pragma 'coverity'
P:\FreeRTOS\FreeRTOSv10.2.1\FreeRTOS\Demo\WIN32-MSVC\main_full.c(544,3): warning C4068: unknown pragma 'coverity'
P:\FreeRTOS\FreeRTOSv10.2.1\FreeRTOS\Demo\WIN32-MSVC\main_full.c(694,2): warning C4068: unknown pragma 'coverity'
P:\FreeRTOS\FreeRTOSv10.2.1\FreeRTOS\Demo\WIN32-MSVC\main_full.c(709,5): warning C4068: unknown pragma 'coverity'
P:\FreeRTOS\FreeRTOSv10.2.1\FreeRTOS\Demo\WIN32-MSVC\main_full.c(721,5): warning C4068: unknown pragma 'coverity'
P:\FreeRTOS\FreeRTOSv10.2.1\FreeRTOS\Demo\WIN32-MSVC\main_full.c(732,4): warning C4068: unknown pragma 'coverity'
P:\FreeRTOS\FreeRTOSv10.2.1\FreeRTOS\Demo\WIN32-MSVC\main_full.c(739,4): warning C4068: unknown pragma 'coverity'
P:\FreeRTOS\FreeRTOSv10.2.1\FreeRTOS\Demo\WIN32-MSVC\main_full.c(762,2): warning C4068: unknown pragma 'coverity'
P:\FreeRTOS\FreeRTOSv10.2.1\FreeRTOS\Demo\WIN32-MSVC\main_full.c(768,2): warning C4068: unknown pragma 'coverity'
P:\FreeRTOS\FreeRTOSv10.2.1\FreeRTOS\Demo\WIN32-MSVC\main_full.c(784,2): warning C4068: unknown pragma 'coverity'
  main_blinky.c
C:\Program Files (x86)\Windows Kits\10\Include\10.0.19041.0\um\winbase.h(9531,5): warning C5105: macro expansion producing 'defined' has undefined behavior
  tasks.c
C:\Program Files (x86)\Windows Kits\10\Include\10.0.19041.0\um\winbase.h(9531,5): warning C5105: macro expansion producing 'defined' has undefined behavior
P:\FreeRTOS\FreeRTOSv10.2.1\FreeRTOS\Source\tasks.c(589,3): warning C4068: unknown pragma 'coverity'
P:\FreeRTOS\FreeRTOSv10.2.1\FreeRTOS\Source\tasks.c(590,3): warning C4068: unknown pragma 'coverity'
P:\FreeRTOS\FreeRTOSv10.2.1\FreeRTOS\Source\tasks.c(598,4): warning C4068: unknown pragma 'coverity'
P:\FreeRTOS\FreeRTOSv10.2.1\FreeRTOS\Source\tasks.c(865,3): warning C4068: unknown pragma 'coverity'
P:\FreeRTOS\FreeRTOSv10.2.1\FreeRTOS\Source\tasks.c(1234,5): warning C4068: unknown pragma 'coverity'
P:\FreeRTOS\FreeRTOSv10.2.1\FreeRTOS\Source\tasks.c(1254,3): warning C4068: unknown pragma 'coverity'
P:\FreeRTOS\FreeRTOSv10.2.1\FreeRTOS\Source\tasks.c(1255,3): warning C4068: unknown pragma 'coverity'
P:\FreeRTOS\FreeRTOSv10.2.1\FreeRTOS\Source\tasks.c(1256,3): warning C4068: unknown pragma 'coverity'
P:\FreeRTOS\FreeRTOSv10.2.1\FreeRTOS\Source\tasks.c(1340,4): warning C4068: unknown pragma 'coverity'
P:\FreeRTOS\FreeRTOSv10.2.1\FreeRTOS\Source\tasks.c(1384,3): warning C4068: unknown pragma 'coverity'
P:\FreeRTOS\FreeRTOSv10.2.1\FreeRTOS\Source\tasks.c(1538,3): warning C4068: unknown pragma 'coverity'
P:\FreeRTOS\FreeRTOSv10.2.1\FreeRTOS\Source\tasks.c(1764,5): warning C4068: unknown pragma 'coverity'
P:\FreeRTOS\FreeRTOSv10.2.1\FreeRTOS\Source\tasks.c(1806,3): warning C4068: unknown pragma 'coverity'
P:\FreeRTOS\FreeRTOSv10.2.1\FreeRTOS\Source\tasks.c(1848,3): warning C4068: unknown pragma 'coverity'
P:\FreeRTOS\FreeRTOSv10.2.1\FreeRTOS\Source\tasks.c(1903,3): warning C4068: unknown pragma 'coverity'
P:\FreeRTOS\FreeRTOSv10.2.1\FreeRTOS\Source\tasks.c(2080,3): warning C4068: unknown pragma 'coverity'
P:\FreeRTOS\FreeRTOSv10.2.1\FreeRTOS\Source\tasks.c(2181,2): warning C4068: unknown pragma 'coverity'
P:\FreeRTOS\FreeRTOSv10.2.1\FreeRTOS\Source\tasks.c(2345,2): warning C4068: unknown pragma 'coverity'
P:\FreeRTOS\FreeRTOSv10.2.1\FreeRTOS\Source\tasks.c(2426,3): warning C4068: unknown pragma 'coverity'
P:\FreeRTOS\FreeRTOSv10.2.1\FreeRTOS\Source\tasks.c(2563,3): warning C4068: unknown pragma 'coverity'
P:\FreeRTOS\FreeRTOSv10.2.1\FreeRTOS\Source\tasks.c(2596,3): warning C4068: unknown pragma 'coverity'
P:\FreeRTOS\FreeRTOSv10.2.1\FreeRTOS\Source\tasks.c(2687,4): warning C4068: unknown pragma 'coverity'
P:\FreeRTOS\FreeRTOSv10.2.1\FreeRTOS\Source\tasks.c(2999,3): warning C4068: unknown pragma 'coverity'
P:\FreeRTOS\FreeRTOSv10.2.1\FreeRTOS\Source\tasks.c(3022,2): warning C4068: unknown pragma 'coverity'
P:\FreeRTOS\FreeRTOSv10.2.1\FreeRTOS\Source\tasks.c(3039,2): warning C4068: unknown pragma 'coverity'
P:\FreeRTOS\FreeRTOSv10.2.1\FreeRTOS\Source\tasks.c(3043,2): warning C4068: unknown pragma 'coverity'
P:\FreeRTOS\FreeRTOSv10.2.1\FreeRTOS\Source\tasks.c(3065,3): warning C4068: unknown pragma 'coverity'
P:\FreeRTOS\FreeRTOSv10.2.1\FreeRTOS\Source\tasks.c(3113,2): warning C4068: unknown pragma 'coverity'
P:\FreeRTOS\FreeRTOSv10.2.1\FreeRTOS\Source\tasks.c(3168,2): warning C4068: unknown pragma 'coverity'
P:\FreeRTOS\FreeRTOSv10.2.1\FreeRTOS\Source\tasks.c(3176,2): warning C4068: unknown pragma 'coverity'
P:\FreeRTOS\FreeRTOSv10.2.1\FreeRTOS\Source\tasks.c(3198,2): warning C4068: unknown pragma 'coverity'
P:\FreeRTOS\FreeRTOSv10.2.1\FreeRTOS\Source\tasks.c(3220,2): warning C4068: unknown pragma 'coverity'
P:\FreeRTOS\FreeRTOSv10.2.1\FreeRTOS\Source\tasks.c(3221,2): warning C4068: unknown pragma 'coverity'
P:\FreeRTOS\FreeRTOSv10.2.1\FreeRTOS\Source\tasks.c(3870,5): warning C4068: unknown pragma 'coverity'
P:\FreeRTOS\FreeRTOSv10.2.1\FreeRTOS\Source\tasks.c(4049,4): warning C4068: unknown pragma 'coverity'
P:\FreeRTOS\FreeRTOSv10.2.1\FreeRTOS\Source\tasks.c(4050,4): warning C4068: unknown pragma 'coverity'
P:\FreeRTOS\FreeRTOSv10.2.1\FreeRTOS\Source\tasks.c(4128,4): warning C4068: unknown pragma 'coverity'
P:\FreeRTOS\FreeRTOSv10.2.1\FreeRTOS\Source\tasks.c(4155,6): warning C4068: unknown pragma 'coverity'
P:\FreeRTOS\FreeRTOSv10.2.1\FreeRTOS\Source\tasks.c(4720,3): warning C4068: unknown pragma 'coverity'
P:\FreeRTOS\FreeRTOSv10.2.1\FreeRTOS\Source\tasks.c(4769,6): warning C4068: unknown pragma 'coverity'
P:\FreeRTOS\FreeRTOSv10.2.1\FreeRTOS\Source\tasks.c(4784,5): warning C4068: unknown pragma 'coverity'
P:\FreeRTOS\FreeRTOSv10.2.1\FreeRTOS\Source\tasks.c(4835,3): warning C4068: unknown pragma 'coverity'
P:\FreeRTOS\FreeRTOSv10.2.1\FreeRTOS\Source\tasks.c(4902,6): warning C4068: unknown pragma 'coverity'
P:\FreeRTOS\FreeRTOSv10.2.1\FreeRTOS\Source\tasks.c(4913,5): warning C4068: unknown pragma 'coverity'
P:\FreeRTOS\FreeRTOSv10.2.1\FreeRTOS\Source\tasks.c(4963,3): warning C4068: unknown pragma 'coverity'
P:\FreeRTOS\FreeRTOSv10.2.1\FreeRTOS\Source\tasks.c(5001,5): warning C4068: unknown pragma 'coverity'
  queue.c
C:\Program Files (x86)\Windows Kits\10\Include\10.0.19041.0\um\winbase.h(9531,5): warning C5105: macro expansion producing 'defined' has undefined behavior
P:\FreeRTOS\FreeRTOSv10.2.1\FreeRTOS\Source\queue.c(37,9): warning C4068: unknown pragma 'coverity'
P:\FreeRTOS\FreeRTOSv10.2.1\FreeRTOS\Source\queue.c(44,9): warning C4068: unknown pragma 'coverity'
P:\FreeRTOS\FreeRTOSv10.2.1\FreeRTOS\Source\queue.c(261,2): warning C4068: unknown pragma 'coverity'
P:\FreeRTOS\FreeRTOSv10.2.1\FreeRTOS\Source\queue.c(316,3): warning C4068: unknown pragma 'coverity'
P:\FreeRTOS\FreeRTOSv10.2.1\FreeRTOS\Source\queue.c(320,3): warning C4068: unknown pragma 'coverity'
P:\FreeRTOS\FreeRTOSv10.2.1\FreeRTOS\Source\queue.c(324,3): warning C4068: unknown pragma 'coverity'
P:\FreeRTOS\FreeRTOSv10.2.1\FreeRTOS\Source\queue.c(325,3): warning C4068: unknown pragma 'coverity'
P:\FreeRTOS\FreeRTOSv10.2.1\FreeRTOS\Source\queue.c(333,4): warning C4068: unknown pragma 'coverity'
P:\FreeRTOS\FreeRTOSv10.2.1\FreeRTOS\Source\queue.c(376,3): warning C4068: unknown pragma 'coverity'
P:\FreeRTOS\FreeRTOSv10.2.1\FreeRTOS\Source\queue.c(576,3): warning C4068: unknown pragma 'coverity'
P:\FreeRTOS\FreeRTOSv10.2.1\FreeRTOS\Source\queue.c(603,3): warning C4068: unknown pragma 'coverity'
P:\FreeRTOS\FreeRTOSv10.2.1\FreeRTOS\Source\queue.c(658,3): warning C4068: unknown pragma 'coverity'
P:\FreeRTOS\FreeRTOSv10.2.1\FreeRTOS\Source\queue.c(699,3): warning C4068: unknown pragma 'coverity'
P:\FreeRTOS\FreeRTOSv10.2.1\FreeRTOS\Source\queue.c(700,3): warning C4068: unknown pragma 'coverity'
P:\FreeRTOS\FreeRTOSv10.2.1\FreeRTOS\Source\queue.c(727,3): warning C4068: unknown pragma 'coverity'
P:\FreeRTOS\FreeRTOSv10.2.1\FreeRTOS\Source\queue.c(728,3): warning C4068: unknown pragma 'coverity'
P:\FreeRTOS\FreeRTOSv10.2.1\FreeRTOS\Source\queue.c(755,2): warning C4068: unknown pragma 'coverity'
P:\FreeRTOS\FreeRTOSv10.2.1\FreeRTOS\Source\queue.c(756,2): warning C4068: unknown pragma 'coverity'
P:\FreeRTOS\FreeRTOSv10.2.1\FreeRTOS\Source\queue.c(757,2): warning C4068: unknown pragma 'coverity'
P:\FreeRTOS\FreeRTOSv10.2.1\FreeRTOS\Source\queue.c(760,3): warning C4068: unknown pragma 'coverity'
P:\FreeRTOS\FreeRTOSv10.2.1\FreeRTOS\Source\queue.c(965,2): warning C4068: unknown pragma 'coverity'
P:\FreeRTOS\FreeRTOSv10.2.1\FreeRTOS\Source\queue.c(966,2): warning C4068: unknown pragma 'coverity'
P:\FreeRTOS\FreeRTOSv10.2.1\FreeRTOS\Source\queue.c(967,2): warning C4068: unknown pragma 'coverity'
P:\FreeRTOS\FreeRTOSv10.2.1\FreeRTOS\Source\queue.c(1122,2): warning C4068: unknown pragma 'coverity'
P:\FreeRTOS\FreeRTOSv10.2.1\FreeRTOS\Source\queue.c(1126,2): warning C4068: unknown pragma 'coverity'
P:\FreeRTOS\FreeRTOSv10.2.1\FreeRTOS\Source\queue.c(1131,2): warning C4068: unknown pragma 'coverity'
P:\FreeRTOS\FreeRTOSv10.2.1\FreeRTOS\Source\queue.c(1282,2): warning C4068: unknown pragma 'coverity'
P:\FreeRTOS\FreeRTOSv10.2.1\FreeRTOS\Source\queue.c(1286,2): warning C4068: unknown pragma 'coverity'
P:\FreeRTOS\FreeRTOSv10.2.1\FreeRTOS\Source\queue.c(1291,3): warning C4068: unknown pragma 'coverity'
P:\FreeRTOS\FreeRTOSv10.2.1\FreeRTOS\Source\queue.c(1311,5): warning C4127: conditional expression is constant
P:\FreeRTOS\FreeRTOSv10.2.1\FreeRTOS\Source\queue.c(1343,6): warning C4127: conditional expression is constant
P:\FreeRTOS\FreeRTOSv10.2.1\FreeRTOS\Source\queue.c(1375,5): warning C4127: conditional expression is constant
P:\FreeRTOS\FreeRTOSv10.2.1\FreeRTOS\Source\queue.c(1404,5): warning C4127: conditional expression is constant
P:\FreeRTOS\FreeRTOSv10.2.1\FreeRTOS\Source\queue.c(1427,2): warning C4068: unknown pragma 'coverity'
P:\FreeRTOS\FreeRTOSv10.2.1\FreeRTOS\Source\queue.c(1431,2): warning C4068: unknown pragma 'coverity'
P:\FreeRTOS\FreeRTOSv10.2.1\FreeRTOS\Source\queue.c(1436,3): warning C4068: unknown pragma 'coverity'
P:\FreeRTOS\FreeRTOSv10.2.1\FreeRTOS\Source\queue.c(1456,5): warning C4127: conditional expression is constant
P:\FreeRTOS\FreeRTOSv10.2.1\FreeRTOS\Source\queue.c(1507,7): warning C4068: unknown pragma 'coverity'
P:\FreeRTOS\FreeRTOSv10.2.1\FreeRTOS\Source\queue.c(1514,6): warning C4127: conditional expression is constant
P:\FreeRTOS\FreeRTOSv10.2.1\FreeRTOS\Source\queue.c(1548,5): warning C4127: conditional expression is constant
P:\FreeRTOS\FreeRTOSv10.2.1\FreeRTOS\Source\queue.c(1622,5): warning C4127: conditional expression is constant
P:\FreeRTOS\FreeRTOSv10.2.1\FreeRTOS\Source\queue.c(1642,2): warning C4068: unknown pragma 'coverity'
P:\FreeRTOS\FreeRTOSv10.2.1\FreeRTOS\Source\queue.c(1646,2): warning C4068: unknown pragma 'coverity'
P:\FreeRTOS\FreeRTOSv10.2.1\FreeRTOS\Source\queue.c(1651,3): warning C4068: unknown pragma 'coverity'
P:\FreeRTOS\FreeRTOSv10.2.1\FreeRTOS\Source\queue.c(1789,2): warning C4068: unknown pragma 'coverity'
P:\FreeRTOS\FreeRTOSv10.2.1\FreeRTOS\Source\queue.c(1790,2): warning C4068: unknown pragma 'coverity'
P:\FreeRTOS\FreeRTOSv10.2.1\FreeRTOS\Source\queue.c(1881,2): warning C4068: unknown pragma 'coverity'
P:\FreeRTOS\FreeRTOSv10.2.1\FreeRTOS\Source\queue.c(1882,2): warning C4068: unknown pragma 'coverity'
P:\FreeRTOS\FreeRTOSv10.2.1\FreeRTOS\Source\queue.c(1883,2): warning C4068: unknown pragma 'coverity'
P:\FreeRTOS\FreeRTOSv10.2.1\FreeRTOS\Source\queue.c(1932,2): warning C4068: unknown pragma 'coverity'
P:\FreeRTOS\FreeRTOSv10.2.1\FreeRTOS\Source\queue.c(1949,2): warning C4068: unknown pragma 'coverity'
P:\FreeRTOS\FreeRTOSv10.2.1\FreeRTOS\Source\queue.c(1966,2): warning C4068: unknown pragma 'coverity'
P:\FreeRTOS\FreeRTOSv10.2.1\FreeRTOS\Source\queue.c(1977,2): warning C4068: unknown pragma 'coverity'
P:\FreeRTOS\FreeRTOSv10.2.1\FreeRTOS\Source\queue.c(2315,2): warning C4068: unknown pragma 'coverity'
P:\FreeRTOS\FreeRTOSv10.2.1\FreeRTOS\Source\queue.c(2355,2): warning C4068: unknown pragma 'coverity'
P:\FreeRTOS\FreeRTOSv10.2.1\FreeRTOS\Source\queue.c(2887,3): warning C4068: unknown pragma 'coverity'
P:\FreeRTOS\FreeRTOSv10.2.1\FreeRTOS\Source\queue.c(2888,3): warning C4068: unknown pragma 'coverity'
  port.c
C:\Program Files (x86)\Windows Kits\10\Include\10.0.19041.0\um\winbase.h(9531,5): warning C5105: macro expansion producing 'defined' has undefined behavior
P:\FreeRTOS\FreeRTOSv10.2.1\FreeRTOS\Source\portable\MSVC-MingW\port.c(166,3): warning C4068: unknown pragma 'coverity'
P:\FreeRTOS\FreeRTOSv10.2.1\FreeRTOS\Source\portable\MSVC-MingW\port.c(226,2): warning C4068: unknown pragma 'coverity'
P:\FreeRTOS\FreeRTOSv10.2.1\FreeRTOS\Source\portable\MSVC-MingW\port.c(343,2): warning C4068: unknown pragma 'coverity'
P:\FreeRTOS\FreeRTOSv10.2.1\FreeRTOS\Source\portable\MSVC-MingW\port.c(460,3): warning C4068: unknown pragma 'coverity'
P:\FreeRTOS\FreeRTOSv10.2.1\FreeRTOS\Source\portable\MSVC-MingW\port.c(463,3): warning C4068: unknown pragma 'coverity'
P:\FreeRTOS\FreeRTOSv10.2.1\FreeRTOS\Source\portable\MSVC-MingW\port.c(499,2): warning C4068: unknown pragma 'coverity'
P:\FreeRTOS\FreeRTOSv10.2.1\FreeRTOS\Source\portable\MSVC-MingW\port.c(517,2): warning C4068: unknown pragma 'coverity'
P:\FreeRTOS\FreeRTOSv10.2.1\FreeRTOS\Source\portable\MSVC-MingW\port.c(593,5): warning C4068: unknown pragma 'coverity'
P:\FreeRTOS\FreeRTOSv10.2.1\FreeRTOS\Source\portable\MSVC-MingW\port.c(614,4): warning C4068: unknown pragma 'coverity'
  list.c
C:\Program Files (x86)\Windows Kits\10\Include\10.0.19041.0\um\winbase.h(9531,5): warning C5105: macro expansion producing 'defined' has undefined behavior
  main.c
C:\Program Files (x86)\Windows Kits\10\Include\10.0.19041.0\um\winbase.h(9531,5): warning C5105: macro expansion producing 'defined' has undefined behavior
P:\FreeRTOS\FreeRTOSv10.2.1\FreeRTOS\Demo\WIN32-MSVC\main.c(348,2): warning C4068: unknown pragma 'coverity'
  timerdemo.c
C:\Program Files (x86)\Windows Kits\10\Include\10.0.19041.0\um\winbase.h(9531,5): warning C5105: macro expansion producing 'defined' has undefined behavior
P:\FreeRTOS\FreeRTOSv10.2.1\FreeRTOS\Demo\Common\Minimal\timerdemo.c(164,3): warning C4068: unknown pragma 'coverity'
P:\FreeRTOS\FreeRTOSv10.2.1\FreeRTOS\Demo\Common\Minimal\timerdemo.c(263,4): warning C4068: unknown pragma 'coverity'
P:\FreeRTOS\FreeRTOSv10.2.1\FreeRTOS\Demo\Common\Minimal\timerdemo.c(267,4): warning C4068: unknown pragma 'coverity'
P:\FreeRTOS\FreeRTOSv10.2.1\FreeRTOS\Demo\Common\Minimal\timerdemo.c(276,5): warning C4068: unknown pragma 'coverity'
P:\FreeRTOS\FreeRTOSv10.2.1\FreeRTOS\Demo\Common\Minimal\timerdemo.c(293,3): warning C4068: unknown pragma 'coverity'
P:\FreeRTOS\FreeRTOSv10.2.1\FreeRTOS\Demo\Common\Minimal\timerdemo.c(302,4): warning C4068: unknown pragma 'coverity'
P:\FreeRTOS\FreeRTOSv10.2.1\FreeRTOS\Demo\Common\Minimal\timerdemo.c(323,3): warning C4068: unknown pragma 'coverity'
P:\FreeRTOS\FreeRTOSv10.2.1\FreeRTOS\Demo\Common\Minimal\timerdemo.c(344,4): warning C4068: unknown pragma 'coverity'
P:\FreeRTOS\FreeRTOSv10.2.1\FreeRTOS\Demo\Common\Minimal\timerdemo.c(351,3): warning C4068: unknown pragma 'coverity'
P:\FreeRTOS\FreeRTOSv10.2.1\FreeRTOS\Demo\Common\Minimal\timerdemo.c(390,4): warning C4068: unknown pragma 'coverity'
P:\FreeRTOS\FreeRTOSv10.2.1\FreeRTOS\Demo\Common\Minimal\timerdemo.c(420,4): warning C4068: unknown pragma 'coverity'
P:\FreeRTOS\FreeRTOSv10.2.1\FreeRTOS\Demo\Common\Minimal\timerdemo.c(432,4): warning C4068: unknown pragma 'coverity'
P:\FreeRTOS\FreeRTOSv10.2.1\FreeRTOS\Demo\Common\Minimal\timerdemo.c(445,4): warning C4068: unknown pragma 'coverity'
P:\FreeRTOS\FreeRTOSv10.2.1\FreeRTOS\Demo\Common\Minimal\timerdemo.c(461,4): warning C4068: unknown pragma 'coverity'
P:\FreeRTOS\FreeRTOSv10.2.1\FreeRTOS\Demo\Common\Minimal\timerdemo.c(486,3): warning C4068: unknown pragma 'coverity'
P:\FreeRTOS\FreeRTOSv10.2.1\FreeRTOS\Demo\Common\Minimal\timerdemo.c(492,3): warning C4068: unknown pragma 'coverity'
P:\FreeRTOS\FreeRTOSv10.2.1\FreeRTOS\Demo\Common\Minimal\timerdemo.c(500,3): warning C4068: unknown pragma 'coverity'
P:\FreeRTOS\FreeRTOSv10.2.1\FreeRTOS\Demo\Common\Minimal\timerdemo.c(511,3): warning C4068: unknown pragma 'coverity'
P:\FreeRTOS\FreeRTOSv10.2.1\FreeRTOS\Demo\Common\Minimal\timerdemo.c(517,3): warning C4068: unknown pragma 'coverity'
P:\FreeRTOS\FreeRTOSv10.2.1\FreeRTOS\Demo\Common\Minimal\timerdemo.c(545,3): warning C4068: unknown pragma 'coverity'
P:\FreeRTOS\FreeRTOSv10.2.1\FreeRTOS\Demo\Common\Minimal\timerdemo.c(554,3): warning C4068: unknown pragma 'coverity'
P:\FreeRTOS\FreeRTOSv10.2.1\FreeRTOS\Demo\Common\Minimal\timerdemo.c(569,4): warning C4068: unknown pragma 'coverity'
P:\FreeRTOS\FreeRTOSv10.2.1\FreeRTOS\Demo\Common\Minimal\timerdemo.c(575,4): warning C4068: unknown pragma 'coverity'
P:\FreeRTOS\FreeRTOSv10.2.1\FreeRTOS\Demo\Common\Minimal\timerdemo.c(581,4): warning C4068: unknown pragma 'coverity'
P:\FreeRTOS\FreeRTOSv10.2.1\FreeRTOS\Demo\Common\Minimal\timerdemo.c(587,4): warning C4068: unknown pragma 'coverity'
P:\FreeRTOS\FreeRTOSv10.2.1\FreeRTOS\Demo\Common\Minimal\timerdemo.c(610,3): warning C4068: unknown pragma 'coverity'
P:\FreeRTOS\FreeRTOSv10.2.1\FreeRTOS\Demo\Common\Minimal\timerdemo.c(616,3): warning C4068: unknown pragma 'coverity'
P:\FreeRTOS\FreeRTOSv10.2.1\FreeRTOS\Demo\Common\Minimal\timerdemo.c(624,3): warning C4068: unknown pragma 'coverity'
P:\FreeRTOS\FreeRTOSv10.2.1\FreeRTOS\Demo\Common\Minimal\timerdemo.c(630,3): warning C4068: unknown pragma 'coverity'
P:\FreeRTOS\FreeRTOSv10.2.1\FreeRTOS\Demo\Common\Minimal\timerdemo.c(639,3): warning C4068: unknown pragma 'coverity'
P:\FreeRTOS\FreeRTOSv10.2.1\FreeRTOS\Demo\Common\Minimal\timerdemo.c(669,4): warning C4068: unknown pragma 'coverity'
P:\FreeRTOS\FreeRTOSv10.2.1\FreeRTOS\Demo\Common\Minimal\timerdemo.c(681,4): warning C4068: unknown pragma 'coverity'
P:\FreeRTOS\FreeRTOSv10.2.1\FreeRTOS\Demo\Common\Minimal\timerdemo.c(772,4): warning C4068: unknown pragma 'coverity'
P:\FreeRTOS\FreeRTOSv10.2.1\FreeRTOS\Demo\Common\Minimal\timerdemo.c(782,4): warning C4068: unknown pragma 'coverity'
P:\FreeRTOS\FreeRTOSv10.2.1\FreeRTOS\Demo\Common\Minimal\timerdemo.c(793,4): warning C4068: unknown pragma 'coverity'
P:\FreeRTOS\FreeRTOSv10.2.1\FreeRTOS\Demo\Common\Minimal\timerdemo.c(804,4): warning C4068: unknown pragma 'coverity'
P:\FreeRTOS\FreeRTOSv10.2.1\FreeRTOS\Demo\Common\Minimal\timerdemo.c(810,4): warning C4068: unknown pragma 'coverity'
P:\FreeRTOS\FreeRTOSv10.2.1\FreeRTOS\Demo\Common\Minimal\timerdemo.c(821,4): warning C4068: unknown pragma 'coverity'
P:\FreeRTOS\FreeRTOSv10.2.1\FreeRTOS\Demo\Common\Minimal\timerdemo.c(827,4): warning C4068: unknown pragma 'coverity'
P:\FreeRTOS\FreeRTOSv10.2.1\FreeRTOS\Demo\Common\Minimal\timerdemo.c(843,4): warning C4068: unknown pragma 'coverity'
P:\FreeRTOS\FreeRTOSv10.2.1\FreeRTOS\Demo\Common\Minimal\timerdemo.c(849,4): warning C4068: unknown pragma 'coverity'
P:\FreeRTOS\FreeRTOSv10.2.1\FreeRTOS\Demo\Common\Minimal\timerdemo.c(864,4): warning C4068: unknown pragma 'coverity'
P:\FreeRTOS\FreeRTOSv10.2.1\FreeRTOS\Demo\Common\Minimal\timerdemo.c(870,4): warning C4068: unknown pragma 'coverity'
P:\FreeRTOS\FreeRTOSv10.2.1\FreeRTOS\Demo\Common\Minimal\timerdemo.c(881,4): warning C4068: unknown pragma 'coverity'
P:\FreeRTOS\FreeRTOSv10.2.1\FreeRTOS\Demo\Common\Minimal\timerdemo.c(887,4): warning C4068: unknown pragma 'coverity'
P:\FreeRTOS\FreeRTOSv10.2.1\FreeRTOS\Demo\Common\Minimal\timerdemo.c(898,4): warning C4068: unknown pragma 'coverity'
P:\FreeRTOS\FreeRTOSv10.2.1\FreeRTOS\Demo\Common\Minimal\timerdemo.c(904,4): warning C4068: unknown pragma 'coverity'
P:\FreeRTOS\FreeRTOSv10.2.1\FreeRTOS\Demo\Common\Minimal\timerdemo.c(918,4): warning C4068: unknown pragma 'coverity'
P:\FreeRTOS\FreeRTOSv10.2.1\FreeRTOS\Demo\Common\Minimal\timerdemo.c(924,4): warning C4068: unknown pragma 'coverity'
P:\FreeRTOS\FreeRTOSv10.2.1\FreeRTOS\Demo\Common\Minimal\timerdemo.c(937,4): warning C4068: unknown pragma 'coverity'
P:\FreeRTOS\FreeRTOSv10.2.1\FreeRTOS\Demo\Common\Minimal\timerdemo.c(943,4): warning C4068: unknown pragma 'coverity'
P:\FreeRTOS\FreeRTOSv10.2.1\FreeRTOS\Demo\Common\Minimal\timerdemo.c(956,4): warning C4068: unknown pragma 'coverity'
P:\FreeRTOS\FreeRTOSv10.2.1\FreeRTOS\Demo\Common\Minimal\timerdemo.c(962,4): warning C4068: unknown pragma 'coverity'
P:\FreeRTOS\FreeRTOSv10.2.1\FreeRTOS\Demo\Common\Minimal\timerdemo.c(977,4): warning C4068: unknown pragma 'coverity'
P:\FreeRTOS\FreeRTOSv10.2.1\FreeRTOS\Demo\Common\Minimal\timerdemo.c(983,4): warning C4068: unknown pragma 'coverity'
P:\FreeRTOS\FreeRTOSv10.2.1\FreeRTOS\Demo\Common\Minimal\timerdemo.c(994,4): warning C4068: unknown pragma 'coverity'
P:\FreeRTOS\FreeRTOSv10.2.1\FreeRTOS\Demo\Common\Minimal\timerdemo.c(1000,4): warning C4068: unknown pragma 'coverity'
P:\FreeRTOS\FreeRTOSv10.2.1\FreeRTOS\Demo\Common\Minimal\timerdemo.c(1024,3): warning C4068: unknown pragma 'coverity'
P:\FreeRTOS\FreeRTOSv10.2.1\FreeRTOS\Demo\Common\Minimal\timerdemo.c(1040,2): warning C4068: unknown pragma 'coverity'
  TaskNotify.c
C:\Program Files (x86)\Windows Kits\10\Include\10.0.19041.0\um\winbase.h(9531,5): warning C5105: macro expansion producing 'defined' has undefined behavior
P:\FreeRTOS\FreeRTOSv10.2.1\FreeRTOS\Demo\Common\Minimal\TaskNotify.c(146,2): warning C4068: unknown pragma 'coverity'
P:\FreeRTOS\FreeRTOSv10.2.1\FreeRTOS\Demo\Common\Minimal\TaskNotify.c(147,2): warning C4068: unknown pragma 'coverity'
P:\FreeRTOS\FreeRTOSv10.2.1\FreeRTOS\Demo\Common\Minimal\TaskNotify.c(162,2): warning C4068: unknown pragma 'coverity'
P:\FreeRTOS\FreeRTOSv10.2.1\FreeRTOS\Demo\Common\Minimal\TaskNotify.c(166,2): warning C4068: unknown pragma 'coverity'
P:\FreeRTOS\FreeRTOSv10.2.1\FreeRTOS\Demo\Common\Minimal\TaskNotify.c(180,2): warning C4068: unknown pragma 'coverity'
P:\FreeRTOS\FreeRTOSv10.2.1\FreeRTOS\Demo\Common\Minimal\TaskNotify.c(181,2): warning C4068: unknown pragma 'coverity'
P:\FreeRTOS\FreeRTOSv10.2.1\FreeRTOS\Demo\Common\Minimal\TaskNotify.c(198,2): warning C4068: unknown pragma 'coverity'
P:\FreeRTOS\FreeRTOSv10.2.1\FreeRTOS\Demo\Common\Minimal\TaskNotify.c(202,2): warning C4068: unknown pragma 'coverity'
P:\FreeRTOS\FreeRTOSv10.2.1\FreeRTOS\Demo\Common\Minimal\TaskNotify.c(209,2): warning C4068: unknown pragma 'coverity'
P:\FreeRTOS\FreeRTOSv10.2.1\FreeRTOS\Demo\Common\Minimal\TaskNotify.c(210,2): warning C4068: unknown pragma 'coverity'
P:\FreeRTOS\FreeRTOSv10.2.1\FreeRTOS\Demo\Common\Minimal\TaskNotify.c(224,2): warning C4068: unknown pragma 'coverity'
P:\FreeRTOS\FreeRTOSv10.2.1\FreeRTOS\Demo\Common\Minimal\TaskNotify.c(227,2): warning C4068: unknown pragma 'coverity'
P:\FreeRTOS\FreeRTOSv10.2.1\FreeRTOS\Demo\Common\Minimal\TaskNotify.c(230,2): warning C4068: unknown pragma 'coverity'
P:\FreeRTOS\FreeRTOSv10.2.1\FreeRTOS\Demo\Common\Minimal\TaskNotify.c(232,2): warning C4068: unknown pragma 'coverity'
P:\FreeRTOS\FreeRTOSv10.2.1\FreeRTOS\Demo\Common\Minimal\TaskNotify.c(243,2): warning C4068: unknown pragma 'coverity'
P:\FreeRTOS\FreeRTOSv10.2.1\FreeRTOS\Demo\Common\Minimal\TaskNotify.c(246,2): warning C4068: unknown pragma 'coverity'
P:\FreeRTOS\FreeRTOSv10.2.1\FreeRTOS\Demo\Common\Minimal\TaskNotify.c(259,3): warning C4068: unknown pragma 'coverity'
P:\FreeRTOS\FreeRTOSv10.2.1\FreeRTOS\Demo\Common\Minimal\TaskNotify.c(264,2): warning C4068: unknown pragma 'coverity'
P:\FreeRTOS\FreeRTOSv10.2.1\FreeRTOS\Demo\Common\Minimal\TaskNotify.c(265,2): warning C4068: unknown pragma 'coverity'
P:\FreeRTOS\FreeRTOSv10.2.1\FreeRTOS\Demo\Common\Minimal\TaskNotify.c(271,2): warning C4068: unknown pragma 'coverity'
P:\FreeRTOS\FreeRTOSv10.2.1\FreeRTOS\Demo\Common\Minimal\TaskNotify.c(298,3): warning C4068: unknown pragma 'coverity'
P:\FreeRTOS\FreeRTOSv10.2.1\FreeRTOS\Demo\Common\Minimal\TaskNotify.c(310,2): warning C4068: unknown pragma 'coverity'
P:\FreeRTOS\FreeRTOSv10.2.1\FreeRTOS\Demo\Common\Minimal\TaskNotify.c(323,2): warning C4068: unknown pragma 'coverity'
P:\FreeRTOS\FreeRTOSv10.2.1\FreeRTOS\Demo\Common\Minimal\TaskNotify.c(334,2): warning C4068: unknown pragma 'coverity'
P:\FreeRTOS\FreeRTOSv10.2.1\FreeRTOS\Demo\Common\Minimal\TaskNotify.c(335,2): warning C4068: unknown pragma 'coverity'
P:\FreeRTOS\FreeRTOSv10.2.1\FreeRTOS\Demo\Common\Minimal\TaskNotify.c(351,2): warning C4068: unknown pragma 'coverity'
P:\FreeRTOS\FreeRTOSv10.2.1\FreeRTOS\Demo\Common\Minimal\TaskNotify.c(357,2): warning C4068: unknown pragma 'coverity'
P:\FreeRTOS\FreeRTOSv10.2.1\FreeRTOS\Demo\Common\Minimal\TaskNotify.c(358,2): warning C4068: unknown pragma 'coverity'
P:\FreeRTOS\FreeRTOSv10.2.1\FreeRTOS\Demo\Common\Minimal\TaskNotify.c(367,2): warning C4068: unknown pragma 'coverity'
P:\FreeRTOS\FreeRTOSv10.2.1\FreeRTOS\Demo\Common\Minimal\TaskNotify.c(372,2): warning C4068: unknown pragma 'coverity'
P:\FreeRTOS\FreeRTOSv10.2.1\FreeRTOS\Demo\Common\Minimal\TaskNotify.c(381,3): warning C4068: unknown pragma 'coverity'
P:\FreeRTOS\FreeRTOSv10.2.1\FreeRTOS\Demo\Common\Minimal\TaskNotify.c(393,2): warning C4068: unknown pragma 'coverity'
P:\FreeRTOS\FreeRTOSv10.2.1\FreeRTOS\Demo\Common\Minimal\TaskNotify.c(401,2): warning C4068: unknown pragma 'coverity'
P:\FreeRTOS\FreeRTOSv10.2.1\FreeRTOS\Demo\Common\Minimal\TaskNotify.c(402,2): warning C4068: unknown pragma 'coverity'
P:\FreeRTOS\FreeRTOSv10.2.1\FreeRTOS\Demo\Common\Minimal\TaskNotify.c(409,2): warning C4068: unknown pragma 'coverity'
P:\FreeRTOS\FreeRTOSv10.2.1\FreeRTOS\Demo\Common\Minimal\TaskNotify.c(430,2): warning C4068: unknown pragma 'coverity'
P:\FreeRTOS\FreeRTOSv10.2.1\FreeRTOS\Demo\Common\Minimal\TaskNotify.c(431,2): warning C4068: unknown pragma 'coverity'
P:\FreeRTOS\FreeRTOSv10.2.1\FreeRTOS\Demo\Common\Minimal\TaskNotify.c(445,2): warning C4068: unknown pragma 'coverity'
P:\FreeRTOS\FreeRTOSv10.2.1\FreeRTOS\Demo\Common\Minimal\TaskNotify.c(447,2): warning C4068: unknown pragma 'coverity'
P:\FreeRTOS\FreeRTOSv10.2.1\FreeRTOS\Demo\Common\Minimal\TaskNotify.c(477,3): warning C4068: unknown pragma 'coverity'
P:\FreeRTOS\FreeRTOSv10.2.1\FreeRTOS\Demo\Common\Minimal\TaskNotify.c(490,3): warning C4068: unknown pragma 'coverity'
P:\FreeRTOS\FreeRTOSv10.2.1\FreeRTOS\Demo\Common\Minimal\TaskNotify.c(639,7): warning C4068: unknown pragma 'coverity'
  StreamBufferInterrupt.c
C:\Program Files (x86)\Windows Kits\10\Include\10.0.19041.0\um\winbase.h(9531,5): warning C5105: macro expansion producing 'defined' has undefined behavior
P:\FreeRTOS\FreeRTOSv10.2.1\FreeRTOS\Demo\Common\Minimal\StreamBufferInterrupt.c(110,2): warning C4068: unknown pragma 'coverity'
P:\FreeRTOS\FreeRTOSv10.2.1\FreeRTOS\Demo\Common\Minimal\StreamBufferInterrupt.c(113,2): warning C4068: unknown pragma 'coverity'
P:\FreeRTOS\FreeRTOSv10.2.1\FreeRTOS\Demo\Common\Minimal\StreamBufferInterrupt.c(175,5): warning C4068: unknown pragma 'coverity'
  StreamBufferDemo.c
C:\Program Files (x86)\Windows Kits\10\Include\10.0.19041.0\um\winbase.h(9531,5): warning C5105: macro expansion producing 'defined' has undefined behavior
P:\FreeRTOS\FreeRTOSv10.2.1\FreeRTOS\Demo\Common\Minimal\StreamBufferDemo.c(204,2): warning C4068: unknown pragma 'coverity'
P:\FreeRTOS\FreeRTOSv10.2.1\FreeRTOS\Demo\Common\Minimal\StreamBufferDemo.c(229,2): warning C4068: unknown pragma 'coverity'
P:\FreeRTOS\FreeRTOSv10.2.1\FreeRTOS\Demo\Common\Minimal\StreamBufferDemo.c(719,2): warning C4068: unknown pragma 'coverity'
P:\FreeRTOS\FreeRTOSv10.2.1\FreeRTOS\Demo\Common\Minimal\StreamBufferDemo.c(720,2): warning C4068: unknown pragma 'coverity'
P:\FreeRTOS\FreeRTOSv10.2.1\FreeRTOS\Demo\Common\Minimal\StreamBufferDemo.c(780,3): warning C4068: unknown pragma 'coverity'
P:\FreeRTOS\FreeRTOSv10.2.1\FreeRTOS\Demo\Common\Minimal\StreamBufferDemo.c(785,3): warning C4068: unknown pragma 'coverity'
P:\FreeRTOS\FreeRTOSv10.2.1\FreeRTOS\Demo\Common\Minimal\StreamBufferDemo.c(789,3): warning C4068: unknown pragma 'coverity'
P:\FreeRTOS\FreeRTOSv10.2.1\FreeRTOS\Demo\Common\Minimal\StreamBufferDemo.c(795,3): warning C4068: unknown pragma 'coverity'
P:\FreeRTOS\FreeRTOSv10.2.1\FreeRTOS\Demo\Common\Minimal\StreamBufferDemo.c(797,3): warning C4068: unknown pragma 'coverity'
P:\FreeRTOS\FreeRTOSv10.2.1\FreeRTOS\Demo\Common\Minimal\StreamBufferDemo.c(801,3): warning C4068: unknown pragma 'coverity'
P:\FreeRTOS\FreeRTOSv10.2.1\FreeRTOS\Demo\Common\Minimal\StreamBufferDemo.c(807,3): warning C4068: unknown pragma 'coverity'
P:\FreeRTOS\FreeRTOSv10.2.1\FreeRTOS\Demo\Common\Minimal\StreamBufferDemo.c(814,3): warning C4068: unknown pragma 'coverity'
P:\FreeRTOS\FreeRTOSv10.2.1\FreeRTOS\Demo\Common\Minimal\StreamBufferDemo.c(816,3): warning C4068: unknown pragma 'coverity'
P:\FreeRTOS\FreeRTOSv10.2.1\FreeRTOS\Demo\Common\Minimal\StreamBufferDemo.c(840,2): warning C4068: unknown pragma 'coverity'
P:\FreeRTOS\FreeRTOSv10.2.1\FreeRTOS\Demo\Common\Minimal\StreamBufferDemo.c(841,2): warning C4068: unknown pragma 'coverity'
P:\FreeRTOS\FreeRTOSv10.2.1\FreeRTOS\Demo\Common\Minimal\StreamBufferDemo.c(845,2): warning C4068: unknown pragma 'coverity'
P:\FreeRTOS\FreeRTOSv10.2.1\FreeRTOS\Demo\Common\Minimal\StreamBufferDemo.c(937,4): warning C4068: unknown pragma 'coverity'
  MessageBufferDemo.c
C:\Program Files (x86)\Windows Kits\10\Include\10.0.19041.0\um\winbase.h(9531,5): warning C5105: macro expansion producing 'defined' has undefined behavior
P:\FreeRTOS\FreeRTOSv10.2.1\FreeRTOS\Demo\Common\Minimal\MessageBufferDemo.c(176,2): warning C4068: unknown pragma 'coverity'
P:\FreeRTOS\FreeRTOSv10.2.1\FreeRTOS\Demo\Common\Minimal\MessageBufferDemo.c(184,2): warning C4068: unknown pragma 'coverity'
P:\FreeRTOS\FreeRTOSv10.2.1\FreeRTOS\Demo\Common\Minimal\MessageBufferDemo.c(185,2): warning C4068: unknown pragma 'coverity'
P:\FreeRTOS\FreeRTOSv10.2.1\FreeRTOS\Demo\Common\Minimal\MessageBufferDemo.c(187,2): warning C4068: unknown pragma 'coverity'
P:\FreeRTOS\FreeRTOSv10.2.1\FreeRTOS\Demo\Common\Minimal\MessageBufferDemo.c(200,3): warning C4068: unknown pragma 'coverity'
P:\FreeRTOS\FreeRTOSv10.2.1\FreeRTOS\Demo\Common\Minimal\MessageBufferDemo.c(215,3): warning C4068: unknown pragma 'coverity'
P:\FreeRTOS\FreeRTOSv10.2.1\FreeRTOS\Demo\Common\Minimal\MessageBufferDemo.c(223,3): warning C4068: unknown pragma 'coverity'
P:\FreeRTOS\FreeRTOSv10.2.1\FreeRTOS\Demo\Common\Minimal\MessageBufferDemo.c(228,3): warning C4068: unknown pragma 'coverity'
P:\FreeRTOS\FreeRTOSv10.2.1\FreeRTOS\Demo\Common\Minimal\MessageBufferDemo.c(234,2): warning C4068: unknown pragma 'coverity'
P:\FreeRTOS\FreeRTOSv10.2.1\FreeRTOS\Demo\Common\Minimal\MessageBufferDemo.c(236,2): warning C4068: unknown pragma 'coverity'
P:\FreeRTOS\FreeRTOSv10.2.1\FreeRTOS\Demo\Common\Minimal\MessageBufferDemo.c(248,2): warning C4068: unknown pragma 'coverity'
P:\FreeRTOS\FreeRTOSv10.2.1\FreeRTOS\Demo\Common\Minimal\MessageBufferDemo.c(249,2): warning C4068: unknown pragma 'coverity'
P:\FreeRTOS\FreeRTOSv10.2.1\FreeRTOS\Demo\Common\Minimal\MessageBufferDemo.c(250,2): warning C4068: unknown pragma 'coverity'
P:\FreeRTOS\FreeRTOSv10.2.1\FreeRTOS\Demo\Common\Minimal\MessageBufferDemo.c(267,3): warning C4068: unknown pragma 'coverity'
P:\FreeRTOS\FreeRTOSv10.2.1\FreeRTOS\Demo\Common\Minimal\MessageBufferDemo.c(272,3): warning C4068: unknown pragma 'coverity'
P:\FreeRTOS\FreeRTOSv10.2.1\FreeRTOS\Demo\Common\Minimal\MessageBufferDemo.c(285,3): warning C4068: unknown pragma 'coverity'
P:\FreeRTOS\FreeRTOSv10.2.1\FreeRTOS\Demo\Common\Minimal\MessageBufferDemo.c(289,3): warning C4068: unknown pragma 'coverity'
P:\FreeRTOS\FreeRTOSv10.2.1\FreeRTOS\Demo\Common\Minimal\MessageBufferDemo.c(296,3): warning C4068: unknown pragma 'coverity'
P:\FreeRTOS\FreeRTOSv10.2.1\FreeRTOS\Demo\Common\Minimal\MessageBufferDemo.c(301,2): warning C4068: unknown pragma 'coverity'
P:\FreeRTOS\FreeRTOSv10.2.1\FreeRTOS\Demo\Common\Minimal\MessageBufferDemo.c(303,2): warning C4068: unknown pragma 'coverity'
P:\FreeRTOS\FreeRTOSv10.2.1\FreeRTOS\Demo\Common\Minimal\MessageBufferDemo.c(306,2): warning C4068: unknown pragma 'coverity'
P:\FreeRTOS\FreeRTOSv10.2.1\FreeRTOS\Demo\Common\Minimal\MessageBufferDemo.c(318,2): warning C4068: unknown pragma 'coverity'
P:\FreeRTOS\FreeRTOSv10.2.1\FreeRTOS\Demo\Common\Minimal\MessageBufferDemo.c(319,2): warning C4068: unknown pragma 'coverity'
P:\FreeRTOS\FreeRTOSv10.2.1\FreeRTOS\Demo\Common\Minimal\MessageBufferDemo.c(320,2): warning C4068: unknown pragma 'coverity'
P:\FreeRTOS\FreeRTOSv10.2.1\FreeRTOS\Demo\Common\Minimal\MessageBufferDemo.c(342,3): warning C4068: unknown pragma 'coverity'
P:\FreeRTOS\FreeRTOSv10.2.1\FreeRTOS\Demo\Common\Minimal\MessageBufferDemo.c(347,3): warning C4068: unknown pragma 'coverity'
P:\FreeRTOS\FreeRTOSv10.2.1\FreeRTOS\Demo\Common\Minimal\MessageBufferDemo.c(354,3): warning C4068: unknown pragma 'coverity'
P:\FreeRTOS\FreeRTOSv10.2.1\FreeRTOS\Demo\Common\Minimal\MessageBufferDemo.c(359,3): warning C4068: unknown pragma 'coverity'
P:\FreeRTOS\FreeRTOSv10.2.1\FreeRTOS\Demo\Common\Minimal\MessageBufferDemo.c(363,3): warning C4068: unknown pragma 'coverity'
P:\FreeRTOS\FreeRTOSv10.2.1\FreeRTOS\Demo\Common\Minimal\MessageBufferDemo.c(368,3): warning C4068: unknown pragma 'coverity'
P:\FreeRTOS\FreeRTOSv10.2.1\FreeRTOS\Demo\Common\Minimal\MessageBufferDemo.c(373,2): warning C4068: unknown pragma 'coverity'
P:\FreeRTOS\FreeRTOSv10.2.1\FreeRTOS\Demo\Common\Minimal\MessageBufferDemo.c(375,2): warning C4068: unknown pragma 'coverity'
P:\FreeRTOS\FreeRTOSv10.2.1\FreeRTOS\Demo\Common\Minimal\MessageBufferDemo.c(381,2): warning C4068: unknown pragma 'coverity'
P:\FreeRTOS\FreeRTOSv10.2.1\FreeRTOS\Demo\Common\Minimal\MessageBufferDemo.c(402,2): warning C4068: unknown pragma 'coverity'
P:\FreeRTOS\FreeRTOSv10.2.1\FreeRTOS\Demo\Common\Minimal\MessageBufferDemo.c(407,2): warning C4068: unknown pragma 'coverity'
P:\FreeRTOS\FreeRTOSv10.2.1\FreeRTOS\Demo\Common\Minimal\MessageBufferDemo.c(410,2): warning C4068: unknown pragma 'coverity'
P:\FreeRTOS\FreeRTOSv10.2.1\FreeRTOS\Demo\Common\Minimal\MessageBufferDemo.c(413,2): warning C4068: unknown pragma 'coverity'
P:\FreeRTOS\FreeRTOSv10.2.1\FreeRTOS\Demo\Common\Minimal\MessageBufferDemo.c(415,2): warning C4068: unknown pragma 'coverity'
P:\FreeRTOS\FreeRTOSv10.2.1\FreeRTOS\Demo\Common\Minimal\MessageBufferDemo.c(554,3): warning C4068: unknown pragma 'coverity'
P:\FreeRTOS\FreeRTOSv10.2.1\FreeRTOS\Demo\Common\Minimal\MessageBufferDemo.c(643,4): warning C4068: unknown pragma 'coverity'
P:\FreeRTOS\FreeRTOSv10.2.1\FreeRTOS\Demo\Common\Minimal\MessageBufferDemo.c(675,2): warning C4068: unknown pragma 'coverity'
P:\FreeRTOS\FreeRTOSv10.2.1\FreeRTOS\Demo\Common\Minimal\MessageBufferDemo.c(676,2): warning C4068: unknown pragma 'coverity'
P:\FreeRTOS\FreeRTOSv10.2.1\FreeRTOS\Demo\Common\Minimal\MessageBufferDemo.c(729,3): warning C4068: unknown pragma 'coverity'
P:\FreeRTOS\FreeRTOSv10.2.1\FreeRTOS\Demo\Common\Minimal\MessageBufferDemo.c(751,2): warning C4068: unknown pragma 'coverity'
P:\FreeRTOS\FreeRTOSv10.2.1\FreeRTOS\Demo\Common\Minimal\MessageBufferDemo.c(752,2): warning C4068: unknown pragma 'coverity'
P:\FreeRTOS\FreeRTOSv10.2.1\FreeRTOS\Demo\Common\Minimal\MessageBufferDemo.c(756,2): warning C4068: unknown pragma 'coverity'
P:\FreeRTOS\FreeRTOSv10.2.1\FreeRTOS\Demo\Common\Minimal\MessageBufferDemo.c(761,2): warning C4068: unknown pragma 'coverity'
P:\FreeRTOS\FreeRTOSv10.2.1\FreeRTOS\Demo\Common\Minimal\MessageBufferDemo.c(762,2): warning C4068: unknown pragma 'coverity'
P:\FreeRTOS\FreeRTOSv10.2.1\FreeRTOS\Demo\Common\Minimal\MessageBufferDemo.c(789,3): warning C4068: unknown pragma 'coverity'
  StaticAllocation.c
C:\Program Files (x86)\Windows Kits\10\Include\10.0.19041.0\um\winbase.h(9531,5): warning C5105: macro expansion producing 'defined' has undefined behavior
P:\FreeRTOS\FreeRTOSv10.2.1\FreeRTOS\Demo\Common\Minimal\StaticAllocation.c(280,2): warning C4068: unknown pragma 'coverity'
P:\FreeRTOS\FreeRTOSv10.2.1\FreeRTOS\Demo\Common\Minimal\StaticAllocation.c(294,3): warning C4068: unknown pragma 'coverity'
P:\FreeRTOS\FreeRTOSv10.2.1\FreeRTOS\Demo\Common\Minimal\StaticAllocation.c(325,2): warning C4068: unknown pragma 'coverity'
P:\FreeRTOS\FreeRTOSv10.2.1\FreeRTOS\Demo\Common\Minimal\StaticAllocation.c(340,3): warning C4068: unknown pragma 'coverity'
P:\FreeRTOS\FreeRTOSv10.2.1\FreeRTOS\Demo\Common\Minimal\StaticAllocation.c(381,2): warning C4068: unknown pragma 'coverity'
P:\FreeRTOS\FreeRTOSv10.2.1\FreeRTOS\Demo\Common\Minimal\StaticAllocation.c(399,3): warning C4068: unknown pragma 'coverity'
P:\FreeRTOS\FreeRTOSv10.2.1\FreeRTOS\Demo\Common\Minimal\StaticAllocation.c(435,2): warning C4068: unknown pragma 'coverity'
P:\FreeRTOS\FreeRTOSv10.2.1\FreeRTOS\Demo\Common\Minimal\StaticAllocation.c(461,3): warning C4068: unknown pragma 'coverity'
P:\FreeRTOS\FreeRTOSv10.2.1\FreeRTOS\Demo\Common\Minimal\StaticAllocation.c(507,2): warning C4068: unknown pragma 'coverity'
P:\FreeRTOS\FreeRTOSv10.2.1\FreeRTOS\Demo\Common\Minimal\StaticAllocation.c(521,3): warning C4068: unknown pragma 'coverity'
P:\FreeRTOS\FreeRTOSv10.2.1\FreeRTOS\Demo\Common\Minimal\StaticAllocation.c(607,2): warning C4068: unknown pragma 'coverity'
P:\FreeRTOS\FreeRTOSv10.2.1\FreeRTOS\Demo\Common\Minimal\StaticAllocation.c(654,3): warning C4068: unknown pragma 'coverity'
P:\FreeRTOS\FreeRTOSv10.2.1\FreeRTOS\Demo\Common\Minimal\StaticAllocation.c(703,2): warning C4068: unknown pragma 'coverity'
P:\FreeRTOS\FreeRTOSv10.2.1\FreeRTOS\Demo\Common\Minimal\StaticAllocation.c(718,3): warning C4068: unknown pragma 'coverity'
P:\FreeRTOS\FreeRTOSv10.2.1\FreeRTOS\Demo\Common\Minimal\StaticAllocation.c(793,3): warning C4068: unknown pragma 'coverity'
P:\FreeRTOS\FreeRTOSv10.2.1\FreeRTOS\Demo\Common\Minimal\StaticAllocation.c(936,2): warning C4068: unknown pragma 'coverity'
P:\FreeRTOS\FreeRTOSv10.2.1\FreeRTOS\Demo\Common\Minimal\StaticAllocation.c(966,2): warning C4068: unknown pragma 'coverity'
  semtest.c
C:\Program Files (x86)\Windows Kits\10\Include\10.0.19041.0\um\winbase.h(9531,5): warning C5105: macro expansion producing 'defined' has undefined behavior
  recmutex.c
C:\Program Files (x86)\Windows Kits\10\Include\10.0.19041.0\um\winbase.h(9531,5): warning C5105: macro expansion producing 'defined' has undefined behavior
P:\FreeRTOS\FreeRTOSv10.2.1\FreeRTOS\Demo\Common\Minimal\recmutex.c(286,5): warning C4068: unknown pragma 'coverity'
P:\FreeRTOS\FreeRTOSv10.2.1\FreeRTOS\Demo\Common\Minimal\recmutex.c(287,5): warning C4068: unknown pragma 'coverity'
P:\FreeRTOS\FreeRTOSv10.2.1\FreeRTOS\Demo\Common\Minimal\recmutex.c(331,6): warning C4068: unknown pragma 'coverity'
P:\FreeRTOS\FreeRTOSv10.2.1\FreeRTOS\Demo\Common\Minimal\recmutex.c(337,6): warning C4068: unknown pragma 'coverity'
P:\FreeRTOS\FreeRTOSv10.2.1\FreeRTOS\Demo\Common\Minimal\recmutex.c(338,6): warning C4068: unknown pragma 'coverity'
P:\FreeRTOS\FreeRTOSv10.2.1\FreeRTOS\Demo\Common\Minimal\recmutex.c(351,6): warning C4068: unknown pragma 'coverity'
  QueueSetPolling.c
C:\Program Files (x86)\Windows Kits\10\Include\10.0.19041.0\um\winbase.h(9531,5): warning C5105: macro expansion producing 'defined' has undefined behavior
  QueueSet.c
C:\Program Files (x86)\Windows Kits\10\Include\10.0.19041.0\um\winbase.h(9531,5): warning C5105: macro expansion producing 'defined' has undefined behavior
P:\FreeRTOS\FreeRTOSv10.2.1\FreeRTOS\Demo\Common\Minimal\QueueSet.c(493,3): warning C4068: unknown pragma 'coverity'
P:\FreeRTOS\FreeRTOSv10.2.1\FreeRTOS\Demo\Common\Minimal\QueueSet.c(524,3): warning C4068: unknown pragma 'coverity'
P:\FreeRTOS\FreeRTOSv10.2.1\FreeRTOS\Demo\Common\Minimal\QueueSet.c(542,3): warning C4068: unknown pragma 'coverity'
P:\FreeRTOS\FreeRTOSv10.2.1\FreeRTOS\Demo\Common\Minimal\QueueSet.c(550,3): warning C4068: unknown pragma 'coverity'
P:\FreeRTOS\FreeRTOSv10.2.1\FreeRTOS\Demo\Common\Minimal\QueueSet.c(692,3): warning C4068: unknown pragma 'coverity'
  QueueOverwrite.c
C:\Program Files (x86)\Windows Kits\10\Include\10.0.19041.0\um\winbase.h(9531,5): warning C5105: macro expansion producing 'defined' has undefined behavior
P:\FreeRTOS\FreeRTOSv10.2.1\FreeRTOS\Demo\Common\Minimal\QueueOverwrite.c(90,2): warning C4068: unknown pragma 'coverity'
P:\FreeRTOS\FreeRTOSv10.2.1\FreeRTOS\Demo\Common\Minimal\QueueOverwrite.c(184,2): warning C4068: unknown pragma 'coverity'
  QPeek.c
C:\Program Files (x86)\Windows Kits\10\Include\10.0.19041.0\um\winbase.h(9531,5): warning C5105: macro expansion producing 'defined' has undefined behavior
  Generating Code...
P:\FreeRTOS\FreeRTOSv10.2.1\FreeRTOS\Demo\Common\Minimal\QueueSet.c(693): warning C5045: Compiler will insert Spectre mitigation for memory load if /Qspectre switch specified
P:\FreeRTOS\FreeRTOSv10.2.1\FreeRTOS\Demo\Common\Minimal\QueueSet.c(687): message : index 'x' range checked by comparison on this line
P:\FreeRTOS\FreeRTOSv10.2.1\FreeRTOS\Demo\Common\Minimal\QueueSet.c(693): message : feeds call on this line
P:\FreeRTOS\FreeRTOSv10.2.1\FreeRTOS\Demo\Common\Minimal\MessageBufferDemo.c(363): warning C5045: Compiler will insert Spectre mitigation for memory load if /Qspectre switch specified
P:\FreeRTOS\FreeRTOSv10.2.1\FreeRTOS\Demo\Common\Minimal\MessageBufferDemo.c(335): message : index 'xItem' range checked by comparison on this line
P:\FreeRTOS\FreeRTOSv10.2.1\FreeRTOS\Demo\Common\Minimal\MessageBufferDemo.c(363): message : feeds call on this line
P:\FreeRTOS\FreeRTOSv10.2.1\FreeRTOS\Demo\Common\Minimal\MessageBufferDemo.c(289): warning C5045: Compiler will insert Spectre mitigation for memory load if /Qspectre switch specified
P:\FreeRTOS\FreeRTOSv10.2.1\FreeRTOS\Demo\Common\Minimal\MessageBufferDemo.c(258): message : index 'xItem' range checked by comparison on this line
P:\FreeRTOS\FreeRTOSv10.2.1\FreeRTOS\Demo\Common\Minimal\MessageBufferDemo.c(289): message : feeds call on this line
P:\FreeRTOS\FreeRTOSv10.2.1\FreeRTOS\Demo\Common\Minimal\MessageBufferDemo.c(212): warning C5045: Compiler will insert Spectre mitigation for memory load if /Qspectre switch specified
P:\FreeRTOS\FreeRTOSv10.2.1\FreeRTOS\Demo\Common\Minimal\MessageBufferDemo.c(198): message : index 'xItem' range checked by comparison on this line
P:\FreeRTOS\FreeRTOSv10.2.1\FreeRTOS\Demo\Common\Minimal\MessageBufferDemo.c(212): message : feeds call on this line
P:\FreeRTOS\FreeRTOSv10.2.1\FreeRTOS\Demo\Common\Minimal\StreamBufferDemo.c(415): warning C5045: Compiler will insert Spectre mitigation for memory load if /Qspectre switch specified
P:\FreeRTOS\FreeRTOSv10.2.1\FreeRTOS\Demo\Common\Minimal\StreamBufferDemo.c(411): message : index 'xItem' range checked by comparison on this line
P:\FreeRTOS\FreeRTOSv10.2.1\FreeRTOS\Demo\Common\Minimal\StreamBufferDemo.c(415): message : feeds call on this line
P:\FreeRTOS\FreeRTOSv10.2.1\FreeRTOS\Demo\Common\Minimal\StreamBufferDemo.c(388): warning C5045: Compiler will insert Spectre mitigation for memory load if /Qspectre switch specified
P:\FreeRTOS\FreeRTOSv10.2.1\FreeRTOS\Demo\Common\Minimal\StreamBufferDemo.c(384): message : index 'xItem' range checked by comparison on this line
P:\FreeRTOS\FreeRTOSv10.2.1\FreeRTOS\Demo\Common\Minimal\StreamBufferDemo.c(388): message : feeds call on this line
P:\FreeRTOS\FreeRTOSv10.2.1\FreeRTOS\Demo\Common\Minimal\StreamBufferDemo.c(366): warning C5045: Compiler will insert Spectre mitigation for memory load if /Qspectre switch specified
P:\FreeRTOS\FreeRTOSv10.2.1\FreeRTOS\Demo\Common\Minimal\StreamBufferDemo.c(343): message : index 'xItem' range checked by comparison on this line
P:\FreeRTOS\FreeRTOSv10.2.1\FreeRTOS\Demo\Common\Minimal\StreamBufferDemo.c(366): message : feeds call on this line
P:\FreeRTOS\FreeRTOSv10.2.1\FreeRTOS\Demo\Common\Minimal\StreamBufferDemo.c(310): warning C5045: Compiler will insert Spectre mitigation for memory load if /Qspectre switch specified
P:\FreeRTOS\FreeRTOSv10.2.1\FreeRTOS\Demo\Common\Minimal\StreamBufferDemo.c(292): message : index 'xItem' range checked by comparison on this line
P:\FreeRTOS\FreeRTOSv10.2.1\FreeRTOS\Demo\Common\Minimal\StreamBufferDemo.c(310): message : feeds call on this line
P:\FreeRTOS\FreeRTOSv10.2.1\FreeRTOS\Demo\Common\Minimal\StreamBufferDemo.c(256): warning C5045: Compiler will insert Spectre mitigation for memory load if /Qspectre switch specified
P:\FreeRTOS\FreeRTOSv10.2.1\FreeRTOS\Demo\Common\Minimal\StreamBufferDemo.c(243): message : index 'xItem' range checked by comparison on this line
P:\FreeRTOS\FreeRTOSv10.2.1\FreeRTOS\Demo\Common\Minimal\StreamBufferDemo.c(256): message : feeds call on this line
P:\FreeRTOS\FreeRTOSv10.2.1\FreeRTOS\Demo\Common\Minimal\TaskNotify.c(380): warning C5045: Compiler will insert Spectre mitigation for memory load if /Qspectre switch specified
P:\FreeRTOS\FreeRTOSv10.2.1\FreeRTOS\Demo\Common\Minimal\TaskNotify.c(375): message : index 'ulLoop' range checked by comparison on this line
P:\FreeRTOS\FreeRTOSv10.2.1\FreeRTOS\Demo\Common\Minimal\TaskNotify.c(380): message : feeds call on this line
P:\FreeRTOS\FreeRTOSv10.2.1\FreeRTOS\Demo\Common\Minimal\timerdemo.c(341): warning C5045: Compiler will insert Spectre mitigation for memory load if /Qspectre switch specified
P:\FreeRTOS\FreeRTOSv10.2.1\FreeRTOS\Demo\Common\Minimal\timerdemo.c(339): message : index '' range checked by comparison on this line
P:\FreeRTOS\FreeRTOSv10.2.1\FreeRTOS\Demo\Common\Minimal\timerdemo.c(341): message : feeds call on this line
P:\FreeRTOS\FreeRTOSv10.2.1\FreeRTOS\Demo\Common\Minimal\timerdemo.c(254): warning C5045: Compiler will insert Spectre mitigation for memory load if /Qspectre switch specified
P:\FreeRTOS\FreeRTOSv10.2.1\FreeRTOS\Demo\Common\Minimal\timerdemo.c(248): message : index 'xTimer' range checked by comparison on this line
P:\FreeRTOS\FreeRTOSv10.2.1\FreeRTOS\Demo\Common\Minimal\timerdemo.c(254): message : feeds call on this line
P:\FreeRTOS\FreeRTOSv10.2.1\FreeRTOS\Demo\Common\Minimal\timerdemo.c(429): warning C5045: Compiler will insert Spectre mitigation for memory load if /Qspectre switch specified
P:\FreeRTOS\FreeRTOSv10.2.1\FreeRTOS\Demo\Common\Minimal\timerdemo.c(414): message : index '' range checked by comparison on this line
P:\FreeRTOS\FreeRTOSv10.2.1\FreeRTOS\Demo\Common\Minimal\timerdemo.c(429): message : feeds call on this line
P:\FreeRTOS\FreeRTOSv10.2.1\FreeRTOS\Demo\Common\Minimal\timerdemo.c(678): warning C5045: Compiler will insert Spectre mitigation for memory load if /Qspectre switch specified
P:\FreeRTOS\FreeRTOSv10.2.1\FreeRTOS\Demo\Common\Minimal\timerdemo.c(663): message : index '' range checked by comparison on this line
P:\FreeRTOS\FreeRTOSv10.2.1\FreeRTOS\Demo\Common\Minimal\timerdemo.c(678): message : feeds call on this line
P:\FreeRTOS\FreeRTOSv10.2.1\FreeRTOS\Source\queue.c(2389): warning C5045: Compiler will insert Spectre mitigation for memory load if /Qspectre switch specified
P:\FreeRTOS\FreeRTOSv10.2.1\FreeRTOS\Source\queue.c(2385): message : index 'xTicksToWait' range checked by comparison on this line
P:\FreeRTOS\FreeRTOSv10.2.1\FreeRTOS\Source\queue.c(2389): message : feeds call on this line
P:\FreeRTOS\FreeRTOSv10.2.1\FreeRTOS\Source\queue.c(2466): warning C5045: Compiler will insert Spectre mitigation for memory load if /Qspectre switch specified
P:\FreeRTOS\FreeRTOSv10.2.1\FreeRTOS\Source\queue.c(2462): message : index 'xTicksToWait' range checked by comparison on this line
P:\FreeRTOS\FreeRTOSv10.2.1\FreeRTOS\Source\queue.c(2466): message : feeds call on this line
P:\FreeRTOS\FreeRTOSv10.2.1\FreeRTOS\Source\queue.c(2686): warning C5045: Compiler will insert Spectre mitigation for memory load if /Qspectre switch specified
P:\FreeRTOS\FreeRTOSv10.2.1\FreeRTOS\Source\queue.c(2682): message : index 'ux' range checked by comparison on this line
P:\FreeRTOS\FreeRTOSv10.2.1\FreeRTOS\Source\queue.c(2695): message : feeds call on this line
P:\FreeRTOS\FreeRTOSv10.2.1\FreeRTOS\Source\tasks.c(1352): warning C5045: Compiler will insert Spectre mitigation for memory load if /Qspectre switch specified
P:\FreeRTOS\FreeRTOSv10.2.1\FreeRTOS\Source\tasks.c(1338): message : index 'xTicksToDelay' range checked by comparison on this line
P:\FreeRTOS\FreeRTOSv10.2.1\FreeRTOS\Source\tasks.c(1352): message : feeds call on this line
P:\FreeRTOS\FreeRTOSv10.2.1\FreeRTOS\Source\tasks.c(4479): warning C5045: Compiler will insert Spectre mitigation for memory load if /Qspectre switch specified
P:\FreeRTOS\FreeRTOSv10.2.1\FreeRTOS\Source\tasks.c(4469): message : index 'x' range checked by comparison on this line
P:\FreeRTOS\FreeRTOSv10.2.1\FreeRTOS\Source\tasks.c(4491): message : feeds call on this line
P:\FreeRTOS\FreeRTOSv10.2.1\FreeRTOS\Source\tasks.c(4581): warning C5045: Compiler will insert Spectre mitigation for memory load if /Qspectre switch specified
P:\FreeRTOS\FreeRTOSv10.2.1\FreeRTOS\Source\tasks.c(4578): message : index 'xTicksToWait' range checked by comparison on this line
P:\FreeRTOS\FreeRTOSv10.2.1\FreeRTOS\Source\tasks.c(4581): message : feeds call on this line
P:\FreeRTOS\FreeRTOSv10.2.1\FreeRTOS\Source\tasks.c(4580): warning C5045: Compiler will insert Spectre mitigation for memory load if /Qspectre switch specified
P:\FreeRTOS\FreeRTOSv10.2.1\FreeRTOS\Source\tasks.c(4578): message : index 'xTicksToWait' range checked by comparison on this line
P:\FreeRTOS\FreeRTOSv10.2.1\FreeRTOS\Source\tasks.c(4580): message : feeds call on this line
P:\FreeRTOS\FreeRTOSv10.2.1\FreeRTOS\Source\tasks.c(4654): warning C5045: Compiler will insert Spectre mitigation for memory load if /Qspectre switch specified
P:\FreeRTOS\FreeRTOSv10.2.1\FreeRTOS\Source\tasks.c(4651): message : index 'xTicksToWait' range checked by comparison on this line
P:\FreeRTOS\FreeRTOSv10.2.1\FreeRTOS\Source\tasks.c(4654): message : feeds call on this line
P:\FreeRTOS\FreeRTOSv10.2.1\FreeRTOS\Source\tasks.c(4653): warning C5045: Compiler will insert Spectre mitigation for memory load if /Qspectre switch specified
P:\FreeRTOS\FreeRTOSv10.2.1\FreeRTOS\Source\tasks.c(4651): message : index 'xTicksToWait' range checked by comparison on this line
P:\FreeRTOS\FreeRTOSv10.2.1\FreeRTOS\Source\tasks.c(4653): message : feeds call on this line
P:\FreeRTOS\FreeRTOSv10.2.1\FreeRTOS\Source\tasks.c(3552): warning C5045: Compiler will insert Spectre mitigation for memory load if /Qspectre switch specified
P:\FreeRTOS\FreeRTOSv10.2.1\FreeRTOS\Source\tasks.c(3550): message : index 'uxPriority' range checked by comparison on this line
P:\FreeRTOS\FreeRTOSv10.2.1\FreeRTOS\Source\tasks.c(3552): message : feeds call on this line
  Compiling...
  PollQ.c
C:\Program Files (x86)\Windows Kits\10\Include\10.0.19041.0\um\winbase.h(9531,5): warning C5105: macro expansion producing 'defined' has undefined behavior
  MessageBufferAMP.c
C:\Program Files (x86)\Windows Kits\10\Include\10.0.19041.0\um\winbase.h(9531,5): warning C5105: macro expansion producing 'defined' has undefined behavior
P:\FreeRTOS\FreeRTOSv10.2.1\FreeRTOS\Demo\Common\Minimal\MessageBufferAMP.c(145,3): warning C4068: unknown pragma 'coverity'
P:\FreeRTOS\FreeRTOSv10.2.1\FreeRTOS\Demo\Common\Minimal\MessageBufferAMP.c(213,2): warning C4068: unknown pragma 'coverity'
P:\FreeRTOS\FreeRTOSv10.2.1\FreeRTOS\Demo\Common\Minimal\MessageBufferAMP.c(232,3): warning C4068: unknown pragma 'coverity'
  IntSemTest.c
C:\Program Files (x86)\Windows Kits\10\Include\10.0.19041.0\um\winbase.h(9531,5): warning C5105: macro expansion producing 'defined' has undefined behavior
P:\FreeRTOS\FreeRTOSv10.2.1\FreeRTOS\Demo\Common\Minimal\IntSemTest.c(135,2): warning C4068: unknown pragma 'coverity'
P:\FreeRTOS\FreeRTOSv10.2.1\FreeRTOS\Demo\Common\Minimal\IntSemTest.c(137,2): warning C4068: unknown pragma 'coverity'
P:\FreeRTOS\FreeRTOSv10.2.1\FreeRTOS\Demo\Common\Minimal\IntSemTest.c(143,2): warning C4068: unknown pragma 'coverity'
P:\FreeRTOS\FreeRTOSv10.2.1\FreeRTOS\Demo\Common\Minimal\IntSemTest.c(182,3): warning C4068: unknown pragma 'coverity'
P:\FreeRTOS\FreeRTOSv10.2.1\FreeRTOS\Demo\Common\Minimal\IntSemTest.c(205,3): warning C4068: unknown pragma 'coverity'
P:\FreeRTOS\FreeRTOSv10.2.1\FreeRTOS\Demo\Common\Minimal\IntSemTest.c(267,3): warning C4068: unknown pragma 'coverity'
P:\FreeRTOS\FreeRTOSv10.2.1\FreeRTOS\Demo\Common\Minimal\IntSemTest.c(282,3): warning C4068: unknown pragma 'coverity'
P:\FreeRTOS\FreeRTOSv10.2.1\FreeRTOS\Demo\Common\Minimal\IntSemTest.c(305,3): warning C4068: unknown pragma 'coverity'
P:\FreeRTOS\FreeRTOSv10.2.1\FreeRTOS\Demo\Common\Minimal\IntSemTest.c(475,3): warning C4068: unknown pragma 'coverity'
P:\FreeRTOS\FreeRTOSv10.2.1\FreeRTOS\Demo\Common\Minimal\IntSemTest.c(483,4): warning C4068: unknown pragma 'coverity'
  integer.c
P:\FreeRTOS\FreeRTOSv10.2.1\FreeRTOS\Demo\Common\Minimal\integer.c(1,9): warning C4068: unknown pragma 'coverity'
C:\Program Files (x86)\Windows Kits\10\Include\10.0.19041.0\um\winbase.h(9531,5): warning C5105: macro expansion producing 'defined' has undefined behavior
P:\FreeRTOS\FreeRTOSv10.2.1\FreeRTOS\Demo\Common\Minimal\integer.c(76,11): warning C4068: unknown pragma 'coverity'
P:\FreeRTOS\FreeRTOSv10.2.1\FreeRTOS\Demo\Common\Minimal\integer.c(87,9): warning C4068: unknown pragma 'coverity'
P:\FreeRTOS\FreeRTOSv10.2.1\FreeRTOS\Demo\Common\Minimal\integer.c(120,21): warning C4068: unknown pragma 'coverity'
  GenQTest.c
C:\Program Files (x86)\Windows Kits\10\Include\10.0.19041.0\um\winbase.h(9531,5): warning C5105: macro expansion producing 'defined' has undefined behavior
P:\FreeRTOS\FreeRTOSv10.2.1\FreeRTOS\Demo\Common\Minimal\GenQTest.c(555,3): warning C4068: unknown pragma 'coverity'
P:\FreeRTOS\FreeRTOSv10.2.1\FreeRTOS\Demo\Common\Minimal\GenQTest.c(633,3): warning C4068: unknown pragma 'coverity'
P:\FreeRTOS\FreeRTOSv10.2.1\FreeRTOS\Demo\Common\Minimal\GenQTest.c(673,3): warning C4068: unknown pragma 'coverity'
P:\FreeRTOS\FreeRTOSv10.2.1\FreeRTOS\Demo\Common\Minimal\GenQTest.c(804,3): warning C4068: unknown pragma 'coverity'
P:\FreeRTOS\FreeRTOSv10.2.1\FreeRTOS\Demo\Common\Minimal\GenQTest.c(906,2): warning C4068: unknown pragma 'coverity'
  flop.c
C:\Program Files (x86)\Windows Kits\10\Include\10.0.19041.0\um\winbase.h(9531,5): warning C5105: macro expansion producing 'defined' has undefined behavior
P:\FreeRTOS\FreeRTOSv10.2.1\FreeRTOS\Demo\Common\Minimal\flop.c(87,9): warning C4068: unknown pragma 'coverity'
P:\FreeRTOS\FreeRTOSv10.2.1\FreeRTOS\Demo\Common\Minimal\flop.c(112,9): warning C4068: unknown pragma 'coverity'
P:\FreeRTOS\FreeRTOSv10.2.1\FreeRTOS\Demo\Common\Minimal\flop.c(143,9): warning C4068: unknown pragma 'coverity'
  EventGroupsDemo.c
C:\Program Files (x86)\Windows Kits\10\Include\10.0.19041.0\um\winbase.h(9531,5): warning C5105: macro expansion producing 'defined' has undefined behavior
P:\FreeRTOS\FreeRTOSv10.2.1\FreeRTOS\Demo\Common\Minimal\EventGroupsDemo.c(196,2): warning C4068: unknown pragma 'coverity'
P:\FreeRTOS\FreeRTOSv10.2.1\FreeRTOS\Demo\Common\Minimal\EventGroupsDemo.c(201,2): warning C4068: unknown pragma 'coverity'
P:\FreeRTOS\FreeRTOSv10.2.1\FreeRTOS\Demo\Common\Minimal\EventGroupsDemo.c(217,2): warning C4068: unknown pragma 'coverity'
P:\FreeRTOS\FreeRTOSv10.2.1\FreeRTOS\Demo\Common\Minimal\EventGroupsDemo.c(228,3): warning C4068: unknown pragma 'coverity'
P:\FreeRTOS\FreeRTOSv10.2.1\FreeRTOS\Demo\Common\Minimal\EventGroupsDemo.c(263,3): warning C4068: unknown pragma 'coverity'
P:\FreeRTOS\FreeRTOSv10.2.1\FreeRTOS\Demo\Common\Minimal\EventGroupsDemo.c(305,3): warning C4068: unknown pragma 'coverity'
P:\FreeRTOS\FreeRTOSv10.2.1\FreeRTOS\Demo\Common\Minimal\EventGroupsDemo.c(314,3): warning C4068: unknown pragma 'coverity'
P:\FreeRTOS\FreeRTOSv10.2.1\FreeRTOS\Demo\Common\Minimal\EventGroupsDemo.c(324,3): warning C4068: unknown pragma 'coverity'
P:\FreeRTOS\FreeRTOSv10.2.1\FreeRTOS\Demo\Common\Minimal\EventGroupsDemo.c(340,3): warning C4068: unknown pragma 'coverity'
P:\FreeRTOS\FreeRTOSv10.2.1\FreeRTOS\Demo\Common\Minimal\EventGroupsDemo.c(346,3): warning C4068: unknown pragma 'coverity'
P:\FreeRTOS\FreeRTOSv10.2.1\FreeRTOS\Demo\Common\Minimal\EventGroupsDemo.c(514,3): warning C4068: unknown pragma 'coverity'
  dynamic.c
C:\Program Files (x86)\Windows Kits\10\Include\10.0.19041.0\um\winbase.h(9531,5): warning C5105: macro expansion producing 'defined' has undefined behavior
P:\FreeRTOS\FreeRTOSv10.2.1\FreeRTOS\Demo\Common\Minimal\dynamic.c(224,4): warning C4068: unknown pragma 'coverity'
P:\FreeRTOS\FreeRTOSv10.2.1\FreeRTOS\Demo\Common\Minimal\dynamic.c(233,3): warning C4068: unknown pragma 'coverity'
P:\FreeRTOS\FreeRTOSv10.2.1\FreeRTOS\Demo\Common\Minimal\dynamic.c(268,6): warning C4068: unknown pragma 'coverity'
P:\FreeRTOS\FreeRTOSv10.2.1\FreeRTOS\Demo\Common\Minimal\dynamic.c(282,5): warning C4068: unknown pragma 'coverity'
P:\FreeRTOS\FreeRTOSv10.2.1\FreeRTOS\Demo\Common\Minimal\dynamic.c(315,4): warning C4068: unknown pragma 'coverity'
P:\FreeRTOS\FreeRTOSv10.2.1\FreeRTOS\Demo\Common\Minimal\dynamic.c(332,4): warning C4068: unknown pragma 'coverity'
  death.c
C:\Program Files (x86)\Windows Kits\10\Include\10.0.19041.0\um\winbase.h(9531,5): warning C5105: macro expansion producing 'defined' has undefined behavior
  countsem.c
C:\Program Files (x86)\Windows Kits\10\Include\10.0.19041.0\um\winbase.h(9531,5): warning C5105: macro expansion producing 'defined' has undefined behavior
P:\FreeRTOS\FreeRTOSv10.2.1\FreeRTOS\Demo\Common\Minimal\countsem.c(153,3): warning C4068: unknown pragma 'coverity'
P:\FreeRTOS\FreeRTOSv10.2.1\FreeRTOS\Demo\Common\Minimal\countsem.c(170,2): warning C4068: unknown pragma 'coverity'
P:\FreeRTOS\FreeRTOSv10.2.1\FreeRTOS\Demo\Common\Minimal\countsem.c(192,3): warning C4068: unknown pragma 'coverity'
  blocktim.c
C:\Program Files (x86)\Windows Kits\10\Include\10.0.19041.0\um\winbase.h(9531,5): warning C5105: macro expansion producing 'defined' has undefined behavior
  BlockQ.c
C:\Program Files (x86)\Windows Kits\10\Include\10.0.19041.0\um\winbase.h(9531,5): warning C5105: macro expansion producing 'defined' has undefined behavior
  AbortDelay.c
C:\Program Files (x86)\Windows Kits\10\Include\10.0.19041.0\um\winbase.h(9531,5): warning C5105: macro expansion producing 'defined' has undefined behavior
P:\FreeRTOS\FreeRTOSv10.2.1\FreeRTOS\Demo\Common\Minimal\AbortDelay.c(150,2): warning C4068: unknown pragma 'coverity'
P:\FreeRTOS\FreeRTOSv10.2.1\FreeRTOS\Demo\Common\Minimal\AbortDelay.c(212,2): warning C4068: unknown pragma 'coverity'
  timers.c
C:\Program Files (x86)\Windows Kits\10\Include\10.0.19041.0\um\winbase.h(9531,5): warning C5105: macro expansion producing 'defined' has undefined behavior
P:\FreeRTOS\FreeRTOSv10.2.1\FreeRTOS\Source\timers.c(275,10): warning C4068: unknown pragma 'coverity'
P:\FreeRTOS\FreeRTOSv10.2.1\FreeRTOS\Source\timers.c(276,2): warning C4068: unknown pragma 'coverity'
P:\FreeRTOS\FreeRTOSv10.2.1\FreeRTOS\Source\timers.c(325,4): warning C4068: unknown pragma 'coverity'
P:\FreeRTOS\FreeRTOSv10.2.1\FreeRTOS\Source\timers.c(331,3): warning C4068: unknown pragma 'coverity'
P:\FreeRTOS\FreeRTOSv10.2.1\FreeRTOS\Source\timers.c(358,2): warning C4068: unknown pragma 'coverity'
P:\FreeRTOS\FreeRTOSv10.2.1\FreeRTOS\Source\timers.c(387,2): warning C4068: unknown pragma 'coverity'
P:\FreeRTOS\FreeRTOSv10.2.1\FreeRTOS\Source\timers.c(414,3): warning C4068: unknown pragma 'coverity'
P:\FreeRTOS\FreeRTOSv10.2.1\FreeRTOS\Source\timers.c(429,2): warning C4068: unknown pragma 'coverity'
P:\FreeRTOS\FreeRTOSv10.2.1\FreeRTOS\Source\timers.c(438,2): warning C4068: unknown pragma 'coverity'
P:\FreeRTOS\FreeRTOSv10.2.1\FreeRTOS\Source\timers.c(447,2): warning C4068: unknown pragma 'coverity'
P:\FreeRTOS\FreeRTOSv10.2.1\FreeRTOS\Source\timers.c(468,2): warning C4068: unknown pragma 'coverity'
P:\FreeRTOS\FreeRTOSv10.2.1\FreeRTOS\Source\timers.c(478,2): warning C4068: unknown pragma 'coverity'
P:\FreeRTOS\FreeRTOSv10.2.1\FreeRTOS\Source\timers.c(505,4): warning C4068: unknown pragma 'coverity'
P:\FreeRTOS\FreeRTOSv10.2.1\FreeRTOS\Source\timers.c(729,5): warning C4068: unknown pragma 'coverity'
P:\FreeRTOS\FreeRTOSv10.2.1\FreeRTOS\Source\timers.c(788,8): warning C4068: unknown pragma 'coverity'
P:\FreeRTOS\FreeRTOSv10.2.1\FreeRTOS\Source\timers.c(812,6): warning C4068: unknown pragma 'coverity'
P:\FreeRTOS\FreeRTOSv10.2.1\FreeRTOS\Source\timers.c(901,5): warning C4068: unknown pragma 'coverity'
P:\FreeRTOS\FreeRTOSv10.2.1\FreeRTOS\Source\timers.c(973,2): warning C4068: unknown pragma 'coverity'
P:\FreeRTOS\FreeRTOSv10.2.1\FreeRTOS\Source\timers.c(998,2): warning C4068: unknown pragma 'coverity'
P:\FreeRTOS\FreeRTOSv10.2.1\FreeRTOS\Source\timers.c(1014,2): warning C4068: unknown pragma 'coverity'
P:\FreeRTOS\FreeRTOSv10.2.1\FreeRTOS\Source\timers.c(1058,3): warning C4068: unknown pragma 'coverity'
  stream_buffer.c
C:\Program Files (x86)\Windows Kits\10\Include\10.0.19041.0\um\winbase.h(9531,5): warning C5105: macro expansion producing 'defined' has undefined behavior
P:\FreeRTOS\FreeRTOSv10.2.1\FreeRTOS\Source\stream_buffer.c(232,4): warning C4068: unknown pragma 'coverity'
P:\FreeRTOS\FreeRTOSv10.2.1\FreeRTOS\Source\stream_buffer.c(238,4): warning C4068: unknown pragma 'coverity'
P:\FreeRTOS\FreeRTOSv10.2.1\FreeRTOS\Source\stream_buffer.c(240,3): warning C4068: unknown pragma 'coverity'
P:\FreeRTOS\FreeRTOSv10.2.1\FreeRTOS\Source\stream_buffer.c(293,3): warning C4068: unknown pragma 'coverity'
P:\FreeRTOS\FreeRTOSv10.2.1\FreeRTOS\Source\stream_buffer.c(294,3): warning C4068: unknown pragma 'coverity'
P:\FreeRTOS\FreeRTOSv10.2.1\FreeRTOS\Source\stream_buffer.c(295,3): warning C4068: unknown pragma 'coverity'
P:\FreeRTOS\FreeRTOSv10.2.1\FreeRTOS\Source\stream_buffer.c(319,3): warning C4068: unknown pragma 'coverity'
P:\FreeRTOS\FreeRTOSv10.2.1\FreeRTOS\Source\stream_buffer.c(327,4): warning C4068: unknown pragma 'coverity'
P:\FreeRTOS\FreeRTOSv10.2.1\FreeRTOS\Source\stream_buffer.c(363,2): warning C4068: unknown pragma 'coverity'
P:\FreeRTOS\FreeRTOSv10.2.1\FreeRTOS\Source\stream_buffer.c(401,2): warning C4068: unknown pragma 'coverity'
P:\FreeRTOS\FreeRTOSv10.2.1\FreeRTOS\Source\stream_buffer.c(446,2): warning C4068: unknown pragma 'coverity'
P:\FreeRTOS\FreeRTOSv10.2.1\FreeRTOS\Source\stream_buffer.c(475,2): warning C4068: unknown pragma 'coverity'
P:\FreeRTOS\FreeRTOSv10.2.1\FreeRTOS\Source\stream_buffer.c(499,2): warning C4068: unknown pragma 'coverity'
P:\FreeRTOS\FreeRTOSv10.2.1\FreeRTOS\Source\stream_buffer.c(516,2): warning C4068: unknown pragma 'coverity'
P:\FreeRTOS\FreeRTOSv10.2.1\FreeRTOS\Source\stream_buffer.c(517,2): warning C4068: unknown pragma 'coverity'
P:\FreeRTOS\FreeRTOSv10.2.1\FreeRTOS\Source\stream_buffer.c(528,3): warning C4068: unknown pragma 'coverity'
P:\FreeRTOS\FreeRTOSv10.2.1\FreeRTOS\Source\stream_buffer.c(553,6): warning C4068: unknown pragma 'coverity'
P:\FreeRTOS\FreeRTOSv10.2.1\FreeRTOS\Source\stream_buffer.c(619,2): warning C4068: unknown pragma 'coverity'
P:\FreeRTOS\FreeRTOSv10.2.1\FreeRTOS\Source\stream_buffer.c(620,2): warning C4068: unknown pragma 'coverity'
P:\FreeRTOS\FreeRTOSv10.2.1\FreeRTOS\Source\stream_buffer.c(721,2): warning C4068: unknown pragma 'coverity'
P:\FreeRTOS\FreeRTOSv10.2.1\FreeRTOS\Source\stream_buffer.c(722,2): warning C4068: unknown pragma 'coverity'
P:\FreeRTOS\FreeRTOSv10.2.1\FreeRTOS\Source\stream_buffer.c(757,5): warning C4068: unknown pragma 'coverity'
P:\FreeRTOS\FreeRTOSv10.2.1\FreeRTOS\Source\stream_buffer.c(823,2): warning C4068: unknown pragma 'coverity'
P:\FreeRTOS\FreeRTOSv10.2.1\FreeRTOS\Source\stream_buffer.c(848,4): warning C4068: unknown pragma 'coverity'
P:\FreeRTOS\FreeRTOSv10.2.1\FreeRTOS\Source\stream_buffer.c(869,2): warning C4068: unknown pragma 'coverity'
P:\FreeRTOS\FreeRTOSv10.2.1\FreeRTOS\Source\stream_buffer.c(870,2): warning C4068: unknown pragma 'coverity'
P:\FreeRTOS\FreeRTOSv10.2.1\FreeRTOS\Source\stream_buffer.c(976,2): warning C4068: unknown pragma 'coverity'
P:\FreeRTOS\FreeRTOSv10.2.1\FreeRTOS\Source\stream_buffer.c(999,2): warning C4068: unknown pragma 'coverity'
P:\FreeRTOS\FreeRTOSv10.2.1\FreeRTOS\Source\stream_buffer.c(1034,2): warning C4068: unknown pragma 'coverity'
P:\FreeRTOS\FreeRTOSv10.2.1\FreeRTOS\Source\stream_buffer.c(1064,2): warning C4068: unknown pragma 'coverity'
P:\FreeRTOS\FreeRTOSv10.2.1\FreeRTOS\Source\stream_buffer.c(1092,2): warning C4068: unknown pragma 'coverity'
P:\FreeRTOS\FreeRTOSv10.2.1\FreeRTOS\Source\stream_buffer.c(1102,2): warning C4068: unknown pragma 'coverity'
P:\FreeRTOS\FreeRTOSv10.2.1\FreeRTOS\Source\stream_buffer.c(1110,3): warning C4068: unknown pragma 'coverity'
P:\FreeRTOS\FreeRTOSv10.2.1\FreeRTOS\Source\stream_buffer.c(1152,3): warning C4068: unknown pragma 'coverity'
P:\FreeRTOS\FreeRTOSv10.2.1\FreeRTOS\Source\stream_buffer.c(1153,3): warning C4068: unknown pragma 'coverity'
P:\FreeRTOS\FreeRTOSv10.2.1\FreeRTOS\Source\stream_buffer.c(1161,4): warning C4068: unknown pragma 'coverity'
P:\FreeRTOS\FreeRTOSv10.2.1\FreeRTOS\Source\stream_buffer.c(1224,3): warning C4068: unknown pragma 'coverity'
  heap_5.c
C:\Program Files (x86)\Windows Kits\10\Include\10.0.19041.0\um\winbase.h(9531,5): warning C5105: macro expansion producing 'defined' has undefined behavior
P:\FreeRTOS\FreeRTOSv10.2.1\FreeRTOS\Source\portable\MemMang\heap_5.c(139,2): warning C4068: unknown pragma 'coverity'
P:\FreeRTOS\FreeRTOSv10.2.1\FreeRTOS\Source\portable\MemMang\heap_5.c(287,3): warning C4068: unknown pragma 'coverity'
P:\FreeRTOS\FreeRTOSv10.2.1\FreeRTOS\Source\portable\MemMang\heap_5.c(288,3): warning C4068: unknown pragma 'coverity'
P:\FreeRTOS\FreeRTOSv10.2.1\FreeRTOS\Source\portable\MemMang\heap_5.c(403,2): warning C4068: unknown pragma 'coverity'
P:\FreeRTOS\FreeRTOSv10.2.1\FreeRTOS\Source\portable\MemMang\heap_5.c(436,4): warning C4068: unknown pragma 'coverity'
P:\FreeRTOS\FreeRTOSv10.2.1\FreeRTOS\Source\portable\MemMang\heap_5.c(439,4): warning C4068: unknown pragma 'coverity'
P:\FreeRTOS\FreeRTOSv10.2.1\FreeRTOS\Source\portable\MemMang\heap_5.c(480,2): warning C4068: unknown pragma 'coverity'
  event_groups.c
C:\Program Files (x86)\Windows Kits\10\Include\10.0.19041.0\um\winbase.h(9531,5): warning C5105: macro expansion producing 'defined' has undefined behavior
P:\FreeRTOS\FreeRTOSv10.2.1\FreeRTOS\Source\event_groups.c(98,3): warning C4068: unknown pragma 'coverity'
P:\FreeRTOS\FreeRTOSv10.2.1\FreeRTOS\Source\event_groups.c(106,4): warning C4068: unknown pragma 'coverity'
P:\FreeRTOS\FreeRTOSv10.2.1\FreeRTOS\Source\event_groups.c(198,2): warning C4068: unknown pragma 'coverity'
P:\FreeRTOS\FreeRTOSv10.2.1\FreeRTOS\Source\event_groups.c(199,2): warning C4068: unknown pragma 'coverity'
P:\FreeRTOS\FreeRTOSv10.2.1\FreeRTOS\Source\event_groups.c(202,3): warning C4068: unknown pragma 'coverity'
P:\FreeRTOS\FreeRTOSv10.2.1\FreeRTOS\Source\event_groups.c(320,2): warning C4068: unknown pragma 'coverity'
P:\FreeRTOS\FreeRTOSv10.2.1\FreeRTOS\Source\event_groups.c(321,2): warning C4068: unknown pragma 'coverity'
P:\FreeRTOS\FreeRTOSv10.2.1\FreeRTOS\Source\event_groups.c(322,2): warning C4068: unknown pragma 'coverity'
P:\FreeRTOS\FreeRTOSv10.2.1\FreeRTOS\Source\event_groups.c(325,3): warning C4068: unknown pragma 'coverity'
P:\FreeRTOS\FreeRTOSv10.2.1\FreeRTOS\Source\event_groups.c(468,2): warning C4068: unknown pragma 'coverity'
P:\FreeRTOS\FreeRTOSv10.2.1\FreeRTOS\Source\event_groups.c(469,2): warning C4068: unknown pragma 'coverity'
P:\FreeRTOS\FreeRTOSv10.2.1\FreeRTOS\Source\event_groups.c(530,2): warning C4068: unknown pragma 'coverity'
P:\FreeRTOS\FreeRTOSv10.2.1\FreeRTOS\Source\event_groups.c(531,2): warning C4068: unknown pragma 'coverity'
P:\FreeRTOS\FreeRTOSv10.2.1\FreeRTOS\Source\event_groups.c(626,4): warning C4068: unknown pragma 'coverity'
  croutine.c
C:\Program Files (x86)\Windows Kits\10\Include\10.0.19041.0\um\winbase.h(9531,5): warning C5105: macro expansion producing 'defined' has undefined behavior
  trcSnapshotRecorder.c
C:\Program Files (x86)\Windows Kits\10\Include\10.0.19041.0\um\winbase.h(9531,5): warning C5105: macro expansion producing 'defined' has undefined behavior
  trcKernelPort.c
C:\Program Files (x86)\Windows Kits\10\Include\10.0.19041.0\um\winbase.h(9531,5): warning C5105: macro expansion producing 'defined' has undefined behavior
  Generating Code...
P:\FreeRTOS\FreeRTOSv10.2.1\FreeRTOS-Plus\Source\FreeRTOS-Plus-Trace\trcSnapshotRecorder.c(2291): warning C5045: Compiler will insert Spectre mitigation for memory load if /Qspectre switch specified
P:\FreeRTOS\FreeRTOSv10.2.1\FreeRTOS-Plus\Source\FreeRTOS-Plus-Trace\trcSnapshotRecorder.c(2288): message : index '' range checked by comparison on this line
P:\FreeRTOS\FreeRTOSv10.2.1\FreeRTOS-Plus\Source\FreeRTOS-Plus-Trace\trcSnapshotRecorder.c(2291): message : feeds call on this line
P:\FreeRTOS\FreeRTOSv10.2.1\FreeRTOS-Plus\Source\FreeRTOS-Plus-Trace\trcSnapshotRecorder.c(1862): warning C5045: Compiler will insert Spectre mitigation for memory load if /Qspectre switch specified
P:\FreeRTOS\FreeRTOSv10.2.1\FreeRTOS-Plus\Source\FreeRTOS-Plus-Trace\trcSnapshotRecorder.c(1860): message : index 'param' range checked by comparison on this line
P:\FreeRTOS\FreeRTOSv10.2.1\FreeRTOS-Plus\Source\FreeRTOS-Plus-Trace\trcSnapshotRecorder.c(1862): message : feeds call on this line
P:\FreeRTOS\FreeRTOSv10.2.1\FreeRTOS-Plus\Source\FreeRTOS-Plus-Trace\trcSnapshotRecorder.c(2572): warning C5045: Compiler will insert Spectre mitigation for memory load if /Qspectre switch specified
P:\FreeRTOS\FreeRTOSv10.2.1\FreeRTOS-Plus\Source\FreeRTOS-Plus-Trace\trcSnapshotRecorder.c(2570): message : index '' range checked by comparison on this line
P:\FreeRTOS\FreeRTOSv10.2.1\FreeRTOS-Plus\Source\FreeRTOS-Plus-Trace\trcSnapshotRecorder.c(2572): message : feeds call on this line
P:\FreeRTOS\FreeRTOSv10.2.1\FreeRTOS\Source\croutine.c(314): warning C5045: Compiler will insert Spectre mitigation for memory load if /Qspectre switch specified
P:\FreeRTOS\FreeRTOSv10.2.1\FreeRTOS\Source\croutine.c(312): message : index 'uxPriority' range checked by comparison on this line
P:\FreeRTOS\FreeRTOSv10.2.1\FreeRTOS\Source\croutine.c(314): message : feeds call on this line
P:\FreeRTOS\FreeRTOSv10.2.1\FreeRTOS\Source\portable\MemMang\heap_5.c(212): warning C5045: Compiler will insert Spectre mitigation for memory load if /Qspectre switch specified
P:\FreeRTOS\FreeRTOSv10.2.1\FreeRTOS\Source\portable\MemMang\heap_5.c(198): message : index '' range checked by comparison on this line
P:\FreeRTOS\FreeRTOSv10.2.1\FreeRTOS\Source\portable\MemMang\heap_5.c(212): message : feeds call on this line
P:\FreeRTOS\FreeRTOSv10.2.1\FreeRTOS\Source\stream_buffer.c(838): warning C5045: Compiler will insert Spectre mitigation for memory load if /Qspectre switch specified
P:\FreeRTOS\FreeRTOSv10.2.1\FreeRTOS\Source\stream_buffer.c(829): message : index 'xBytesAvailable' range checked by comparison on this line
P:\FreeRTOS\FreeRTOSv10.2.1\FreeRTOS\Source\stream_buffer.c(838): message : feeds call on this line
P:\FreeRTOS\FreeRTOSv10.2.1\FreeRTOS\Source\stream_buffer.c(655): warning C5045: Compiler will insert Spectre mitigation for memory load if /Qspectre switch specified
P:\FreeRTOS\FreeRTOSv10.2.1\FreeRTOS\Source\stream_buffer.c(655): message : index 'xReturn' range checked by comparison on this line
P:\FreeRTOS\FreeRTOSv10.2.1\FreeRTOS\Source\stream_buffer.c(655): message : feeds call on this line
P:\FreeRTOS\FreeRTOSv10.2.1\FreeRTOS\Source\stream_buffer.c(643): warning C5045: Compiler will insert Spectre mitigation for memory load if /Qspectre switch specified
P:\FreeRTOS\FreeRTOSv10.2.1\FreeRTOS\Source\stream_buffer.c(641): message : index '' range checked by comparison on this line
P:\FreeRTOS\FreeRTOSv10.2.1\FreeRTOS\Source\stream_buffer.c(643): message : feeds call on this line
P:\FreeRTOS\FreeRTOSv10.2.1\FreeRTOS\Source\stream_buffer.c(641): warning C5045: Compiler will insert Spectre mitigation for memory load if /Qspectre switch specified
P:\FreeRTOS\FreeRTOSv10.2.1\FreeRTOS\Source\stream_buffer.c(638): message : index 'xReturn' range checked by comparison on this line
P:\FreeRTOS\FreeRTOSv10.2.1\FreeRTOS\Source\stream_buffer.c(641): message : feeds call on this line
P:\FreeRTOS\FreeRTOSv10.2.1\FreeRTOS\Source\stream_buffer.c(912): warning C5045: Compiler will insert Spectre mitigation for memory load if /Qspectre switch specified
P:\FreeRTOS\FreeRTOSv10.2.1\FreeRTOS\Source\stream_buffer.c(912): message : index 'xReceivedLength' range checked by comparison on this line
P:\FreeRTOS\FreeRTOSv10.2.1\FreeRTOS\Source\stream_buffer.c(912): message : feeds call on this line
P:\FreeRTOS\FreeRTOSv10.2.1\FreeRTOS\Source\stream_buffer.c(900): warning C5045: Compiler will insert Spectre mitigation for memory load if /Qspectre switch specified
P:\FreeRTOS\FreeRTOSv10.2.1\FreeRTOS\Source\stream_buffer.c(893): message : index 'xBytesAvailable' range checked by comparison on this line
P:\FreeRTOS\FreeRTOSv10.2.1\FreeRTOS\Source\stream_buffer.c(900): message : feeds call on this line
P:\FreeRTOS\FreeRTOSv10.2.1\FreeRTOS\Source\stream_buffer.c(895): warning C5045: Compiler will insert Spectre mitigation for memory load if /Qspectre switch specified
P:\FreeRTOS\FreeRTOSv10.2.1\FreeRTOS\Source\stream_buffer.c(893): message : index 'xBytesAvailable' range checked by comparison on this line
P:\FreeRTOS\FreeRTOSv10.2.1\FreeRTOS\Source\stream_buffer.c(895): message : feeds call on this line
P:\FreeRTOS\FreeRTOSv10.2.1\FreeRTOS\Source\stream_buffer.c(593): warning C5045: Compiler will insert Spectre mitigation for memory load if /Qspectre switch specified
P:\FreeRTOS\FreeRTOSv10.2.1\FreeRTOS\Source\stream_buffer.c(591): message : index '' range checked by comparison on this line
P:\FreeRTOS\FreeRTOSv10.2.1\FreeRTOS\Source\stream_buffer.c(593): message : feeds call on this line
P:\FreeRTOS\FreeRTOSv10.2.1\FreeRTOS\Source\stream_buffer.c(591): warning C5045: Compiler will insert Spectre mitigation for memory load if /Qspectre switch specified
P:\FreeRTOS\FreeRTOSv10.2.1\FreeRTOS\Source\stream_buffer.c(586): message : index 'xReturn' range checked by comparison on this line
P:\FreeRTOS\FreeRTOSv10.2.1\FreeRTOS\Source\stream_buffer.c(591): message : feeds call on this line
P:\FreeRTOS\FreeRTOSv10.2.1\FreeRTOS\Source\stream_buffer.c(800): warning C5045: Compiler will insert Spectre mitigation for memory load if /Qspectre switch specified
P:\FreeRTOS\FreeRTOSv10.2.1\FreeRTOS\Source\stream_buffer.c(792): message : index 'xBytesAvailable' range checked by comparison on this line
P:\FreeRTOS\FreeRTOSv10.2.1\FreeRTOS\Source\stream_buffer.c(800): message : feeds call on this line
P:\FreeRTOS\FreeRTOSv10.2.1\FreeRTOS\Source\stream_buffer.c(799): warning C5045: Compiler will insert Spectre mitigation for memory load if /Qspectre switch specified
P:\FreeRTOS\FreeRTOSv10.2.1\FreeRTOS\Source\stream_buffer.c(792): message : index 'xBytesAvailable' range checked by comparison on this line
P:\FreeRTOS\FreeRTOSv10.2.1\FreeRTOS\Source\stream_buffer.c(799): message : feeds call on this line
P:\FreeRTOS\FreeRTOSv10.2.1\FreeRTOS\Source\stream_buffer.c(794): warning C5045: Compiler will insert Spectre mitigation for memory load if /Qspectre switch specified
P:\FreeRTOS\FreeRTOSv10.2.1\FreeRTOS\Source\stream_buffer.c(792): message : index 'xBytesAvailable' range checked by comparison on this line
P:\FreeRTOS\FreeRTOSv10.2.1\FreeRTOS\Source\stream_buffer.c(794): message : feeds call on this line
P:\FreeRTOS\FreeRTOSv10.2.1\FreeRTOS\Source\stream_buffer.c(775): warning C5045: Compiler will insert Spectre mitigation for memory load if /Qspectre switch specified
P:\FreeRTOS\FreeRTOSv10.2.1\FreeRTOS\Source\stream_buffer.c(767): message : index 'xBytesAvailable' range checked by comparison on this line
P:\FreeRTOS\FreeRTOSv10.2.1\FreeRTOS\Source\stream_buffer.c(775): message : feeds call on this line
P:\FreeRTOS\FreeRTOSv10.2.1\FreeRTOS\Source\stream_buffer.c(1162): warning C5045: Compiler will insert Spectre mitigation for memory load if /Qspectre switch specified
P:\FreeRTOS\FreeRTOSv10.2.1\FreeRTOS\Source\stream_buffer.c(1158): message : index 'xCount' range checked by comparison on this line
P:\FreeRTOS\FreeRTOSv10.2.1\FreeRTOS\Source\stream_buffer.c(1162): message : feeds call on this line
P:\FreeRTOS\FreeRTOSv10.2.1\FreeRTOS\Source\stream_buffer.c(1154): warning C5045: Compiler will insert Spectre mitigation for memory load if /Qspectre switch specified
P:\FreeRTOS\FreeRTOSv10.2.1\FreeRTOS\Source\stream_buffer.c(1141): message : index 'xCount' range checked by comparison on this line
P:\FreeRTOS\FreeRTOSv10.2.1\FreeRTOS\Source\stream_buffer.c(1154): message : feeds call on this line
P:\FreeRTOS\FreeRTOSv10.2.1\FreeRTOS\Source\stream_buffer.c(1111): warning C5045: Compiler will insert Spectre mitigation for memory load if /Qspectre switch specified
P:\FreeRTOS\FreeRTOSv10.2.1\FreeRTOS\Source\stream_buffer.c(1107): message : index 'xCount' range checked by comparison on this line
P:\FreeRTOS\FreeRTOSv10.2.1\FreeRTOS\Source\stream_buffer.c(1111): message : feeds call on this line
P:\FreeRTOS\FreeRTOSv10.2.1\FreeRTOS\Source\timers.c(579): warning C5045: Compiler will insert Spectre mitigation for memory load if /Qspectre switch specified
P:\FreeRTOS\FreeRTOSv10.2.1\FreeRTOS\Source\timers.c(576): message : index 'xNextExpireTime' range checked by comparison on this line
P:\FreeRTOS\FreeRTOSv10.2.1\FreeRTOS\Source\timers.c(579): message : feeds call on this line
P:\FreeRTOS\FreeRTOSv10.2.1\FreeRTOS\Demo\Common\Minimal\blocktim.c(503): warning C5045: Compiler will insert Spectre mitigation for memory load if /Qspectre switch specified
P:\FreeRTOS\FreeRTOSv10.2.1\FreeRTOS\Demo\Common\Minimal\blocktim.c(497): message : index 'x' range checked by comparison on this line
P:\FreeRTOS\FreeRTOSv10.2.1\FreeRTOS\Demo\Common\Minimal\blocktim.c(503): message : feeds call on this line
P:\FreeRTOS\FreeRTOSv10.2.1\FreeRTOS\Demo\Common\Minimal\EventGroupsDemo.c(914): warning C5045: Compiler will insert Spectre mitigation for memory load if /Qspectre switch specified
P:\FreeRTOS\FreeRTOSv10.2.1\FreeRTOS\Demo\Common\Minimal\EventGroupsDemo.c(896): message : index 'uxBit' range checked by comparison on this line
P:\FreeRTOS\FreeRTOSv10.2.1\FreeRTOS\Demo\Common\Minimal\EventGroupsDemo.c(914): message : feeds call on this line
P:\FreeRTOS\FreeRTOSv10.2.1\FreeRTOS\Demo\Common\Minimal\integer.c(77): warning C5045: Compiler will insert Spectre mitigation for memory load if /Qspectre switch specified
P:\FreeRTOS\FreeRTOSv10.2.1\FreeRTOS\Demo\Common\Minimal\integer.c(74): message : index '' range checked by comparison on this line
P:\FreeRTOS\FreeRTOSv10.2.1\FreeRTOS\Demo\Common\Minimal\integer.c(77): message : feeds call on this line
P:\FreeRTOS\FreeRTOSv10.2.1\FreeRTOS\Demo\Common\Minimal\MessageBufferAMP.c(150): warning C5045: Compiler will insert Spectre mitigation for memory load if /Qspectre switch specified
P:\FreeRTOS\FreeRTOSv10.2.1\FreeRTOS\Demo\Common\Minimal\MessageBufferAMP.c(142): message : index 'x' range checked by comparison on this line
P:\FreeRTOS\FreeRTOSv10.2.1\FreeRTOS\Demo\Common\Minimal\MessageBufferAMP.c(150): message : feeds call on this line
  WIN32.vcxproj -> P:\FreeRTOS\FreeRTOSv10.2.1\FreeRTOS\Demo\WIN32-MSVC\Debug\RTOSDemo.exe
